#
# A fatal error has been detected by the Java Runtime Environment:
#
#  Internal Error (./open/src/hotspot/share/runtime/vmThread.cpp:680), pid=17292, tid=9368
#  fatal error: Nested VM operation CollectForMetadataAllocation requested by operation ChangeBreakpoints
#
# JRE version: Java(TM) SE Runtime Environment 18.9 (11.0.12+8) (build 11.0.12+8-LTS-237)
# Java VM: Java HotSpot(TM) 64-Bit Server VM 18.9 (11.0.12+8-LTS-237, mixed mode, tiered, compressed oops, g1 gc, windows-amd64)
# No core dump will be written. Minidumps are not enabled by default on client versions of Windows
#
# If you would like to submit a bug report, please visit:
#   https://bugreport.java.com/bugreport/crash.jsp
#

---------------  S U M M A R Y ------------

Command Line: -agentlib:jdwp=transport=dt_socket,address=127.0.0.1:61339,suspend=y,server=n -ea -Didea.test.cyclic.buffer.size=1048576 -javaagent:C:\Users\SotBit\AppData\Local\JetBrains\IdeaIC2021.2\captureAgent\debugger-agent.jar -Dfile.encoding=UTF-8 com.intellij.rt.junit.JUnitStarter -ideVersion5 -junit4 Catalog.Catalog,addingProductToCartUsingIconPlus

Host: Intel(R) Core(TM) i3-7100 CPU @ 3.90GHz, 4 cores, 7G,  Windows 10 , 64 bit Build 19041 (10.0.19041.1348)
Time: Thu Nov 25 13:14:33 2021 RTZ 2 (зима) elapsed time: 9191.204579 seconds (0d 2h 33m 11s)

---------------  T H R E A D  ---------------

Current thread (0x0000014bff6ac800):  VMThread "VM Thread" [stack: 0x000000152ea00000,0x000000152eb00000] [id=9368]

Stack: [0x000000152ea00000,0x000000152eb00000]
[error occurred during error reporting (printing stack bounds), id 0xc0000005, EXCEPTION_ACCESS_VIOLATION (0xc0000005) at pc=0x0000014b883e0f2d]

Native frames: (J=compiled Java code, j=interpreted, Vv=VM code, C=native code)
V  [jvm.dll+0x617d9a]
V  [jvm.dll+0x74eeef]
V  [jvm.dll+0x750599]
V  [jvm.dll+0x750b85]
V  [jvm.dll+0x750b3b]
V  [jvm.dll+0x6175d3]
V  [jvm.dll+0x617998]
C  [ntdll.dll+0xa20cf]
C  [ntdll.dll+0x51454]
C  [ntdll.dll+0xa0bfe]
C  0x0000014b883e0f2d

VM_Operation (0x000000152f5ff660): ChangeBreakpoints, mode: safepoint, requested by thread 0x0000014b9993a000


---------------  P R O C E S S  ---------------

Threads class SMR info:
_java_thread_list=0x0000014b9a061b20, length=18, elements={
0x0000014bfa58a000, 0x0000014bff6d2000, 0x0000014bff6d3000, 0x0000014b99542800,
0x0000014bff6ee800, 0x0000014bff6ef000, 0x0000014bff6f3800, 0x0000014bff6fa800,
0x0000014bff6fd800, 0x0000014b99692800, 0x0000014b9993a000, 0x0000014b99822000,
0x0000014b997d3000, 0x0000014b9a538000, 0x0000014b9a581800, 0x0000014b9a566000,
0x0000014b9a64f000, 0x0000014b9a7b4800
}
_to_delete_list=0x0000014b9a619330, length=19, elements={
0x0000014bfa58a000, 0x0000014bff6d2000, 0x0000014bff6d3000, 0x0000014b99542800,
0x0000014bff6ee800, 0x0000014bff6ef000, 0x0000014bff6f3800, 0x0000014bff6fa800,
0x0000014bff6fd800, 0x0000014b99692800, 0x0000014b9993a000, 0x0000014b99822000,
0x0000014b997d3000, 0x0000014b9a538000, 0x0000014b9a581800, 0x0000014b9a566000,
0x0000014b9a569000, 0x0000014b9a64f000, 0x0000014b9a7b4800
}

Java Threads: ( => current thread )
  0x0000014bfa58a000 JavaThread "main" [_thread_blocked, id=2348, stack(0x000000152e400000,0x000000152e500000)]
  0x0000014bff6d2000 JavaThread "Reference Handler" daemon [_thread_blocked, id=16624, stack(0x000000152eb00000,0x000000152ec00000)]
  0x0000014bff6d3000 JavaThread "Finalizer" daemon [_thread_blocked, id=2984, stack(0x000000152ec00000,0x000000152ed00000)]
  0x0000014b99542800 JavaThread "Signal Dispatcher" daemon [_thread_blocked, id=8788, stack(0x000000152ed00000,0x000000152ee00000)]
  0x0000014bff6ee800 JavaThread "Attach Listener" daemon [_thread_blocked, id=14432, stack(0x000000152ee00000,0x000000152ef00000)]
  0x0000014bff6ef000 JavaThread "Service Thread" daemon [_thread_blocked, id=7984, stack(0x000000152ef00000,0x000000152f000000)]
  0x0000014bff6f3800 JavaThread "C2 CompilerThread0" daemon [_thread_blocked, id=3412, stack(0x000000152f000000,0x000000152f100000)]
  0x0000014bff6fa800 JavaThread "C1 CompilerThread0" daemon [_thread_blocked, id=6384, stack(0x000000152f100000,0x000000152f200000)]
  0x0000014bff6fd800 JavaThread "Sweeper thread" daemon [_thread_blocked, id=8964, stack(0x000000152f200000,0x000000152f300000)]
  0x0000014b99692800 JavaThread "Common-Cleaner" daemon [_thread_blocked, id=14784, stack(0x000000152f300000,0x000000152f400000)]
  0x0000014b9993a000 JavaThread "JDWP Transport Listener: dt_socket" daemon [_thread_blocked, id=10824, stack(0x000000152f500000,0x000000152f600000)]
  0x0000014b99822000 JavaThread "JDWP Event Helper Thread" daemon [_thread_blocked, id=1184, stack(0x000000152f600000,0x000000152f700000)]
  0x0000014b997d3000 JavaThread "JDWP Command Reader" daemon [_thread_in_native, id=12940, stack(0x000000152f700000,0x000000152f800000)]
  0x0000014b9a538000 JavaThread "Exec Default Executor" daemon [_thread_in_native, id=8116, stack(0x000000152fb00000,0x000000152fc00000)]
  0x0000014b9a581800 JavaThread "Exec Stream Pumper" daemon [_thread_in_native, id=512, stack(0x000000152fc00000,0x000000152fd00000)]
  0x0000014b9a566000 JavaThread "Exec Stream Pumper" daemon [_thread_in_native, id=17140, stack(0x000000152fd00000,0x000000152fe00000)]
  0x0000014b9a64f000 JavaThread "OkHttp ConnectionPool" daemon [_thread_blocked, id=11316, stack(0x0000001530000000,0x0000001530100000)]
  0x0000014b9a7b4800 JavaThread "Okio Watchdog" daemon [_thread_blocked, id=7652, stack(0x0000001530100000,0x0000001530200000)]

Other Threads:
=>0x0000014bff6ac800 VMThread "VM Thread" [stack: 0x000000152ea00000,0x000000152eb00000] [id=9368]
  0x0000014b9999e000 WatcherThread [stack: 0x000000152f400000,0x000000152f500000] [id=10636]
  0x0000014bfa5a0000 GCTaskThread "GC Thread#0" [stack: 0x000000152e500000,0x000000152e600000] [id=8332]
  0x0000014b99d0b800 GCTaskThread "GC Thread#1" [stack: 0x000000152f800000,0x000000152f900000] [id=9212]
  0x0000014b99d0c800 GCTaskThread "GC Thread#2" [stack: 0x000000152f900000,0x000000152fa00000] [id=10768]
  0x0000014bfa5d0000 ConcurrentGCThread "G1 Main Marker" [stack: 0x000000152e600000,0x000000152e700000] [id=1940]
  0x0000014bfa5d3000 ConcurrentGCThread "G1 Conc#0" [stack: 0x000000152e700000,0x000000152e800000] [id=12272]
  0x0000014bfa661000 ConcurrentGCThread "G1 Refine#0" [stack: 0x000000152e800000,0x000000152e900000] [id=15664]
  0x0000014bfa662000 ConcurrentGCThread "G1 Young RemSet Sampling" [stack: 0x000000152e900000,0x000000152ea00000] [id=16592]

Threads with active compile tasks:

VM state:at safepoint (normal execution)

VM Mutex/Monitor currently owned by a thread:  ([mutex/lock_event])
[0x0000014bfa586ba0] Threads_lock - owner thread: 0x0000014bff6ac800

Heap address: 0x0000000081200000, size: 2030 MB, Compressed Oops mode: 32-bit
Narrow klass base: 0x0000000000000000, Narrow klass shift: 3
Compressed class space size: 1073741824 Address: 0x0000000100000000

Heap:
 garbage-first heap   total 131072K, used 60036K [0x0000000081200000, 0x0000000100000000)
  region size 1024K, 60 young (61440K), 2 survivors (2048K)
 Metaspace       used 20648K, capacity 21166K, committed 21296K, reserved 1069056K
  class space    used 2188K, capacity 2379K, committed 2432K, reserved 1048576K
Heap Regions: E=young(eden), S=young(survivor), O=old, HS=humongous(starts), HC=humongous(continues), CS=collection set, F=free, A=archive, TAMS=top-at-mark-start (previous, next)
|   0|0x0000000081200000, 0x00000000812a1000, 0x0000000081300000| 62%| O|  |TAMS 0x0000000081200000, 0x0000000081200000| Untracked 
|   1|0x0000000081300000, 0x0000000081300000, 0x0000000081400000|  0%| F|  |TAMS 0x0000000081300000, 0x0000000081300000| Untracked 
|   2|0x0000000081400000, 0x0000000081400000, 0x0000000081500000|  0%| F|  |TAMS 0x0000000081400000, 0x0000000081400000| Untracked 
|   3|0x0000000081500000, 0x0000000081500000, 0x0000000081600000|  0%| F|  |TAMS 0x0000000081500000, 0x0000000081500000| Untracked 
|   4|0x0000000081600000, 0x0000000081600000, 0x0000000081700000|  0%| F|  |TAMS 0x0000000081600000, 0x0000000081600000| Untracked 
|   5|0x0000000081700000, 0x0000000081700000, 0x0000000081800000|  0%| F|  |TAMS 0x0000000081700000, 0x0000000081700000| Untracked 
|   6|0x0000000081800000, 0x0000000081800000, 0x0000000081900000|  0%| F|  |TAMS 0x0000000081800000, 0x0000000081800000| Untracked 
|   7|0x0000000081900000, 0x0000000081900000, 0x0000000081a00000|  0%| F|  |TAMS 0x0000000081900000, 0x0000000081900000| Untracked 
|   8|0x0000000081a00000, 0x0000000081a00000, 0x0000000081b00000|  0%| F|  |TAMS 0x0000000081a00000, 0x0000000081a00000| Untracked 
|   9|0x0000000081b00000, 0x0000000081b00000, 0x0000000081c00000|  0%| F|  |TAMS 0x0000000081b00000, 0x0000000081b00000| Untracked 
|  10|0x0000000081c00000, 0x0000000081c00000, 0x0000000081d00000|  0%| F|  |TAMS 0x0000000081c00000, 0x0000000081c00000| Untracked 
|  11|0x0000000081d00000, 0x0000000081d00000, 0x0000000081e00000|  0%| F|  |TAMS 0x0000000081d00000, 0x0000000081d00000| Untracked 
|  12|0x0000000081e00000, 0x0000000081e00000, 0x0000000081f00000|  0%| F|  |TAMS 0x0000000081e00000, 0x0000000081e00000| Untracked 
|  13|0x0000000081f00000, 0x0000000081f00000, 0x0000000082000000|  0%| F|  |TAMS 0x0000000081f00000, 0x0000000081f00000| Untracked 
|  14|0x0000000082000000, 0x0000000082000000, 0x0000000082100000|  0%| F|  |TAMS 0x0000000082000000, 0x0000000082000000| Untracked 
|  15|0x0000000082100000, 0x0000000082100000, 0x0000000082200000|  0%| F|  |TAMS 0x0000000082100000, 0x0000000082100000| Untracked 
|  16|0x0000000082200000, 0x0000000082200000, 0x0000000082300000|  0%| F|  |TAMS 0x0000000082200000, 0x0000000082200000| Untracked 
|  17|0x0000000082300000, 0x0000000082300000, 0x0000000082400000|  0%| F|  |TAMS 0x0000000082300000, 0x0000000082300000| Untracked 
|  18|0x0000000082400000, 0x0000000082400000, 0x0000000082500000|  0%| F|  |TAMS 0x0000000082400000, 0x0000000082400000| Untracked 
|  19|0x0000000082500000, 0x0000000082500000, 0x0000000082600000|  0%| F|  |TAMS 0x0000000082500000, 0x0000000082500000| Untracked 
|  20|0x0000000082600000, 0x0000000082600000, 0x0000000082700000|  0%| F|  |TAMS 0x0000000082600000, 0x0000000082600000| Untracked 
|  21|0x0000000082700000, 0x0000000082700000, 0x0000000082800000|  0%| F|  |TAMS 0x0000000082700000, 0x0000000082700000| Untracked 
|  22|0x0000000082800000, 0x0000000082800000, 0x0000000082900000|  0%| F|  |TAMS 0x0000000082800000, 0x0000000082800000| Untracked 
|  23|0x0000000082900000, 0x0000000082900000, 0x0000000082a00000|  0%| F|  |TAMS 0x0000000082900000, 0x0000000082900000| Untracked 
|  24|0x0000000082a00000, 0x0000000082a00000, 0x0000000082b00000|  0%| F|  |TAMS 0x0000000082a00000, 0x0000000082a00000| Untracked 
|  25|0x0000000082b00000, 0x0000000082b00000, 0x0000000082c00000|  0%| F|  |TAMS 0x0000000082b00000, 0x0000000082b00000| Untracked 
|  26|0x0000000082c00000, 0x0000000082c00000, 0x0000000082d00000|  0%| F|  |TAMS 0x0000000082c00000, 0x0000000082c00000| Untracked 
|  27|0x0000000082d00000, 0x0000000082d00000, 0x0000000082e00000|  0%| F|  |TAMS 0x0000000082d00000, 0x0000000082d00000| Untracked 
|  28|0x0000000082e00000, 0x0000000082e00000, 0x0000000082f00000|  0%| F|  |TAMS 0x0000000082e00000, 0x0000000082e00000| Untracked 
|  29|0x0000000082f00000, 0x0000000082f00000, 0x0000000083000000|  0%| F|  |TAMS 0x0000000082f00000, 0x0000000082f00000| Untracked 
|  30|0x0000000083000000, 0x0000000083000000, 0x0000000083100000|  0%| F|  |TAMS 0x0000000083000000, 0x0000000083000000| Untracked 
|  31|0x0000000083100000, 0x0000000083100000, 0x0000000083200000|  0%| F|  |TAMS 0x0000000083100000, 0x0000000083100000| Untracked 
|  32|0x0000000083200000, 0x0000000083200000, 0x0000000083300000|  0%| F|  |TAMS 0x0000000083200000, 0x0000000083200000| Untracked 
|  33|0x0000000083300000, 0x0000000083300000, 0x0000000083400000|  0%| F|  |TAMS 0x0000000083300000, 0x0000000083300000| Untracked 
|  34|0x0000000083400000, 0x0000000083400000, 0x0000000083500000|  0%| F|  |TAMS 0x0000000083400000, 0x0000000083400000| Untracked 
|  35|0x0000000083500000, 0x0000000083500000, 0x0000000083600000|  0%| F|  |TAMS 0x0000000083500000, 0x0000000083500000| Untracked 
|  36|0x0000000083600000, 0x0000000083600000, 0x0000000083700000|  0%| F|  |TAMS 0x0000000083600000, 0x0000000083600000| Untracked 
|  37|0x0000000083700000, 0x0000000083700000, 0x0000000083800000|  0%| F|  |TAMS 0x0000000083700000, 0x0000000083700000| Untracked 
|  38|0x0000000083800000, 0x0000000083800000, 0x0000000083900000|  0%| F|  |TAMS 0x0000000083800000, 0x0000000083800000| Untracked 
|  39|0x0000000083900000, 0x0000000083900000, 0x0000000083a00000|  0%| F|  |TAMS 0x0000000083900000, 0x0000000083900000| Untracked 
|  40|0x0000000083a00000, 0x0000000083a00000, 0x0000000083b00000|  0%| F|  |TAMS 0x0000000083a00000, 0x0000000083a00000| Untracked 
|  41|0x0000000083b00000, 0x0000000083b00000, 0x0000000083c00000|  0%| F|  |TAMS 0x0000000083b00000, 0x0000000083b00000| Untracked 
|  42|0x0000000083c00000, 0x0000000083c00000, 0x0000000083d00000|  0%| F|  |TAMS 0x0000000083c00000, 0x0000000083c00000| Untracked 
|  43|0x0000000083d00000, 0x0000000083d00000, 0x0000000083e00000|  0%| F|  |TAMS 0x0000000083d00000, 0x0000000083d00000| Untracked 
|  44|0x0000000083e00000, 0x0000000083e00000, 0x0000000083f00000|  0%| F|  |TAMS 0x0000000083e00000, 0x0000000083e00000| Untracked 
|  45|0x0000000083f00000, 0x0000000083f00000, 0x0000000084000000|  0%| F|  |TAMS 0x0000000083f00000, 0x0000000083f00000| Untracked 
|  46|0x0000000084000000, 0x0000000084000000, 0x0000000084100000|  0%| F|  |TAMS 0x0000000084000000, 0x0000000084000000| Untracked 
|  47|0x0000000084100000, 0x0000000084100000, 0x0000000084200000|  0%| F|  |TAMS 0x0000000084100000, 0x0000000084100000| Untracked 
|  48|0x0000000084200000, 0x0000000084200000, 0x0000000084300000|  0%| F|  |TAMS 0x0000000084200000, 0x0000000084200000| Untracked 
|  49|0x0000000084300000, 0x0000000084300000, 0x0000000084400000|  0%| F|  |TAMS 0x0000000084300000, 0x0000000084300000| Untracked 
|  50|0x0000000084400000, 0x0000000084400000, 0x0000000084500000|  0%| F|  |TAMS 0x0000000084400000, 0x0000000084400000| Untracked 
|  51|0x0000000084500000, 0x0000000084500000, 0x0000000084600000|  0%| F|  |TAMS 0x0000000084500000, 0x0000000084500000| Untracked 
|  52|0x0000000084600000, 0x0000000084600000, 0x0000000084700000|  0%| F|  |TAMS 0x0000000084600000, 0x0000000084600000| Untracked 
|  53|0x0000000084700000, 0x0000000084700000, 0x0000000084800000|  0%| F|  |TAMS 0x0000000084700000, 0x0000000084700000| Untracked 
|  54|0x0000000084800000, 0x0000000084800000, 0x0000000084900000|  0%| F|  |TAMS 0x0000000084800000, 0x0000000084800000| Untracked 
|  55|0x0000000084900000, 0x0000000084900000, 0x0000000084a00000|  0%| F|  |TAMS 0x0000000084900000, 0x0000000084900000| Untracked 
|  56|0x0000000084a00000, 0x0000000084a00000, 0x0000000084b00000|  0%| F|  |TAMS 0x0000000084a00000, 0x0000000084a00000| Untracked 
|  57|0x0000000084b00000, 0x0000000084b00000, 0x0000000084c00000|  0%| F|  |TAMS 0x0000000084b00000, 0x0000000084b00000| Untracked 
|  58|0x0000000084c00000, 0x0000000084c00000, 0x0000000084d00000|  0%| F|  |TAMS 0x0000000084c00000, 0x0000000084c00000| Untracked 
|  59|0x0000000084d00000, 0x0000000084d00000, 0x0000000084e00000|  0%| F|  |TAMS 0x0000000084d00000, 0x0000000084d00000| Untracked 
|  60|0x0000000084e00000, 0x0000000084e00000, 0x0000000084f00000|  0%| F|  |TAMS 0x0000000084e00000, 0x0000000084e00000| Untracked 
|  61|0x0000000084f00000, 0x0000000084f00000, 0x0000000085000000|  0%| F|  |TAMS 0x0000000084f00000, 0x0000000084f00000| Untracked 
|  62|0x0000000085000000, 0x0000000085000000, 0x0000000085100000|  0%| F|  |TAMS 0x0000000085000000, 0x0000000085000000| Untracked 
|  63|0x0000000085100000, 0x0000000085100000, 0x0000000085200000|  0%| F|  |TAMS 0x0000000085100000, 0x0000000085100000| Untracked 
|  64|0x0000000085200000, 0x0000000085200000, 0x0000000085300000|  0%| F|  |TAMS 0x0000000085200000, 0x0000000085200000| Untracked 
|  65|0x0000000085300000, 0x0000000085300000, 0x0000000085400000|  0%| F|  |TAMS 0x0000000085300000, 0x0000000085300000| Untracked 
|  66|0x0000000085400000, 0x0000000085400000, 0x0000000085500000|  0%| F|  |TAMS 0x0000000085400000, 0x0000000085400000| Untracked 
|  67|0x0000000085500000, 0x0000000085500000, 0x0000000085600000|  0%| F|  |TAMS 0x0000000085500000, 0x0000000085500000| Untracked 
|  68|0x0000000085600000, 0x0000000085700000, 0x0000000085700000|100%| E|  |TAMS 0x0000000085600000, 0x0000000085600000| Complete 
|  69|0x0000000085700000, 0x0000000085800000, 0x0000000085800000|100%| E|CS|TAMS 0x0000000085700000, 0x0000000085700000| Complete 
|  70|0x0000000085800000, 0x0000000085900000, 0x0000000085900000|100%| E|CS|TAMS 0x0000000085800000, 0x0000000085800000| Complete 
|  71|0x0000000085900000, 0x0000000085a00000, 0x0000000085a00000|100%| E|CS|TAMS 0x0000000085900000, 0x0000000085900000| Complete 
|  72|0x0000000085a00000, 0x0000000085b00000, 0x0000000085b00000|100%| E|CS|TAMS 0x0000000085a00000, 0x0000000085a00000| Complete 
|  73|0x0000000085b00000, 0x0000000085c00000, 0x0000000085c00000|100%| E|CS|TAMS 0x0000000085b00000, 0x0000000085b00000| Complete 
|  74|0x0000000085c00000, 0x0000000085d00000, 0x0000000085d00000|100%| E|CS|TAMS 0x0000000085c00000, 0x0000000085c00000| Complete 
|  75|0x0000000085d00000, 0x0000000085e00000, 0x0000000085e00000|100%| E|CS|TAMS 0x0000000085d00000, 0x0000000085d00000| Complete 
|  76|0x0000000085e00000, 0x0000000085f00000, 0x0000000085f00000|100%| E|CS|TAMS 0x0000000085e00000, 0x0000000085e00000| Complete 
|  77|0x0000000085f00000, 0x0000000086000000, 0x0000000086000000|100%| E|CS|TAMS 0x0000000085f00000, 0x0000000085f00000| Complete 
|  78|0x0000000086000000, 0x0000000086100000, 0x0000000086100000|100%| E|CS|TAMS 0x0000000086000000, 0x0000000086000000| Complete 
|  79|0x0000000086100000, 0x0000000086200000, 0x0000000086200000|100%| E|CS|TAMS 0x0000000086100000, 0x0000000086100000| Complete 
|  80|0x0000000086200000, 0x0000000086300000, 0x0000000086300000|100%| E|CS|TAMS 0x0000000086200000, 0x0000000086200000| Complete 
|  81|0x0000000086300000, 0x0000000086400000, 0x0000000086400000|100%| E|CS|TAMS 0x0000000086300000, 0x0000000086300000| Complete 
|  82|0x0000000086400000, 0x0000000086500000, 0x0000000086500000|100%| E|CS|TAMS 0x0000000086400000, 0x0000000086400000| Complete 
|  83|0x0000000086500000, 0x0000000086600000, 0x0000000086600000|100%| E|CS|TAMS 0x0000000086500000, 0x0000000086500000| Complete 
|  84|0x0000000086600000, 0x0000000086700000, 0x0000000086700000|100%| E|CS|TAMS 0x0000000086600000, 0x0000000086600000| Complete 
|  85|0x0000000086700000, 0x0000000086800000, 0x0000000086800000|100%| E|CS|TAMS 0x0000000086700000, 0x0000000086700000| Complete 
|  86|0x0000000086800000, 0x0000000086900000, 0x0000000086900000|100%| E|CS|TAMS 0x0000000086800000, 0x0000000086800000| Complete 
|  87|0x0000000086900000, 0x0000000086a00000, 0x0000000086a00000|100%| E|CS|TAMS 0x0000000086900000, 0x0000000086900000| Complete 
|  88|0x0000000086a00000, 0x0000000086b00000, 0x0000000086b00000|100%| E|CS|TAMS 0x0000000086a00000, 0x0000000086a00000| Complete 
|  89|0x0000000086b00000, 0x0000000086c00000, 0x0000000086c00000|100%| E|CS|TAMS 0x0000000086b00000, 0x0000000086b00000| Complete 
|  90|0x0000000086c00000, 0x0000000086d00000, 0x0000000086d00000|100%| E|CS|TAMS 0x0000000086c00000, 0x0000000086c00000| Complete 
|  91|0x0000000086d00000, 0x0000000086e00000, 0x0000000086e00000|100%| E|CS|TAMS 0x0000000086d00000, 0x0000000086d00000| Complete 
|  92|0x0000000086e00000, 0x0000000086f00000, 0x0000000086f00000|100%| E|CS|TAMS 0x0000000086e00000, 0x0000000086e00000| Complete 
|  93|0x0000000086f00000, 0x0000000087000000, 0x0000000087000000|100%| E|CS|TAMS 0x0000000086f00000, 0x0000000086f00000| Complete 
|  94|0x0000000087000000, 0x0000000087100000, 0x0000000087100000|100%| E|CS|TAMS 0x0000000087000000, 0x0000000087000000| Complete 
|  95|0x0000000087100000, 0x0000000087200000, 0x0000000087200000|100%| E|CS|TAMS 0x0000000087100000, 0x0000000087100000| Complete 
|  96|0x0000000087200000, 0x0000000087300000, 0x0000000087300000|100%| E|CS|TAMS 0x0000000087200000, 0x0000000087200000| Complete 
|  97|0x0000000087300000, 0x0000000087400000, 0x0000000087400000|100%| E|  |TAMS 0x0000000087300000, 0x0000000087300000| Complete 
|  98|0x0000000087400000, 0x0000000087500000, 0x0000000087500000|100%| E|CS|TAMS 0x0000000087400000, 0x0000000087400000| Complete 
|  99|0x0000000087500000, 0x0000000087600000, 0x0000000087600000|100%| E|CS|TAMS 0x0000000087500000, 0x0000000087500000| Complete 
| 100|0x0000000087600000, 0x0000000087700000, 0x0000000087700000|100%| E|CS|TAMS 0x0000000087600000, 0x0000000087600000| Complete 
| 101|0x0000000087700000, 0x0000000087800000, 0x0000000087800000|100%| E|CS|TAMS 0x0000000087700000, 0x0000000087700000| Complete 
| 102|0x0000000087800000, 0x0000000087900000, 0x0000000087900000|100%| E|CS|TAMS 0x0000000087800000, 0x0000000087800000| Complete 
| 103|0x0000000087900000, 0x0000000087a00000, 0x0000000087a00000|100%| E|CS|TAMS 0x0000000087900000, 0x0000000087900000| Complete 
| 104|0x0000000087a00000, 0x0000000087b00000, 0x0000000087b00000|100%| E|CS|TAMS 0x0000000087a00000, 0x0000000087a00000| Complete 
| 105|0x0000000087b00000, 0x0000000087c00000, 0x0000000087c00000|100%| E|CS|TAMS 0x0000000087b00000, 0x0000000087b00000| Complete 
| 106|0x0000000087c00000, 0x0000000087d00000, 0x0000000087d00000|100%| E|CS|TAMS 0x0000000087c00000, 0x0000000087c00000| Complete 
| 107|0x0000000087d00000, 0x0000000087e00000, 0x0000000087e00000|100%| E|CS|TAMS 0x0000000087d00000, 0x0000000087d00000| Complete 
| 108|0x0000000087e00000, 0x0000000087f00000, 0x0000000087f00000|100%| E|CS|TAMS 0x0000000087e00000, 0x0000000087e00000| Complete 
| 109|0x0000000087f00000, 0x0000000088000000, 0x0000000088000000|100%| E|CS|TAMS 0x0000000087f00000, 0x0000000087f00000| Complete 
| 110|0x0000000088000000, 0x0000000088100000, 0x0000000088100000|100%| E|CS|TAMS 0x0000000088000000, 0x0000000088000000| Complete 
| 111|0x0000000088100000, 0x0000000088200000, 0x0000000088200000|100%| E|CS|TAMS 0x0000000088100000, 0x0000000088100000| Complete 
| 112|0x0000000088200000, 0x0000000088300000, 0x0000000088300000|100%| S|CS|TAMS 0x0000000088200000, 0x0000000088200000| Complete 
| 113|0x0000000088300000, 0x0000000088400000, 0x0000000088400000|100%| S|CS|TAMS 0x0000000088300000, 0x0000000088300000| Complete 
| 114|0x0000000088400000, 0x0000000088500000, 0x0000000088500000|100%| E|CS|TAMS 0x0000000088400000, 0x0000000088400000| Complete 
| 115|0x0000000088500000, 0x0000000088600000, 0x0000000088600000|100%| E|CS|TAMS 0x0000000088500000, 0x0000000088500000| Complete 
| 116|0x0000000088600000, 0x0000000088700000, 0x0000000088700000|100%| E|CS|TAMS 0x0000000088600000, 0x0000000088600000| Complete 
| 117|0x0000000088700000, 0x0000000088800000, 0x0000000088800000|100%| E|CS|TAMS 0x0000000088700000, 0x0000000088700000| Complete 
| 118|0x0000000088800000, 0x0000000088900000, 0x0000000088900000|100%| E|CS|TAMS 0x0000000088800000, 0x0000000088800000| Complete 
| 119|0x0000000088900000, 0x0000000088a00000, 0x0000000088a00000|100%| E|CS|TAMS 0x0000000088900000, 0x0000000088900000| Complete 
| 120|0x0000000088a00000, 0x0000000088b00000, 0x0000000088b00000|100%| E|CS|TAMS 0x0000000088a00000, 0x0000000088a00000| Complete 
| 121|0x0000000088b00000, 0x0000000088c00000, 0x0000000088c00000|100%| E|CS|TAMS 0x0000000088b00000, 0x0000000088b00000| Complete 
| 122|0x0000000088c00000, 0x0000000088d00000, 0x0000000088d00000|100%| E|CS|TAMS 0x0000000088c00000, 0x0000000088c00000| Complete 
| 123|0x0000000088d00000, 0x0000000088e00000, 0x0000000088e00000|100%| E|CS|TAMS 0x0000000088d00000, 0x0000000088d00000| Complete 
| 124|0x0000000088e00000, 0x0000000088f00000, 0x0000000088f00000|100%| E|CS|TAMS 0x0000000088e00000, 0x0000000088e00000| Complete 
| 125|0x0000000088f00000, 0x0000000089000000, 0x0000000089000000|100%| E|CS|TAMS 0x0000000088f00000, 0x0000000088f00000| Complete 
| 126|0x0000000089000000, 0x0000000089100000, 0x0000000089100000|100%| E|CS|TAMS 0x0000000089000000, 0x0000000089000000| Complete 
| 127|0x0000000089100000, 0x0000000089200000, 0x0000000089200000|100%| E|CS|TAMS 0x0000000089100000, 0x0000000089100000| Complete 

Card table byte_map: [0x0000014bfaa70000,0x0000014bfae70000] _byte_map_base: 0x0000014bfa667000

Marking Bits (Prev, Next): (CMBitMap*) 0x0000014bfa5c7188, (CMBitMap*) 0x0000014bfa5c71c0
 Prev Bits: [0x0000014bfb270000, 0x0000014bfd228000)
 Next Bits: [0x0000014bfd230000, 0x0000014bff1e8000)

Polling page: 0x0000014bf8730000

Metaspace:

Usage:
  Non-class:     18.35 MB capacity,    18.03 MB ( 98%) used,   268.91 KB (  1%) free+waste,    57.81 KB ( <1%) overhead. 
      Class:      2.32 MB capacity,     2.14 MB ( 92%) used,   163.83 KB (  7%) free+waste,    27.13 KB (  1%) overhead. 
       Both:     20.67 MB capacity,    20.16 MB ( 98%) used,   432.73 KB (  2%) free+waste,    84.94 KB ( <1%) overhead. 

Virtual space:
  Non-class space:       20.00 MB reserved,      18.42 MB ( 92%) committed 
      Class space:        1.00 GB reserved,       2.38 MB ( <1%) committed 
             Both:        1.02 GB reserved,      20.80 MB (  2%) committed 

Chunk freelists:
   Non-Class:  3.63 KB
       Class:  0 bytes
        Both:  3.63 KB

CodeHeap 'non-profiled nmethods': size=120064Kb used=674Kb max_used=674Kb free=119389Kb
 bounds [0x0000014b8fea0000, 0x0000014b90110000, 0x0000014b973e0000]
CodeHeap 'profiled nmethods': size=120000Kb used=3791Kb max_used=3791Kb free=116208Kb
 bounds [0x0000014b88970000, 0x0000014b88d30000, 0x0000014b8fea0000]
CodeHeap 'non-nmethods': size=5696Kb used=1222Kb max_used=1238Kb free=4473Kb
 bounds [0x0000014b883e0000, 0x0000014b88650000, 0x0000014b88970000]
 total_blobs=2374 nmethods=1905 adapters=388
 compilation: enabled
              stopped_count=0, restarted_count=0
 full_count=0

Compilation events (10 events):
Event: 7.692 Thread 0x0000014bff6fa800 1900       3       java.util.stream.ReferencePipeline::map (26 bytes)
Event: 7.692 Thread 0x0000014bff6fa800 nmethod 1900 0x0000014b88d21e10 code [0x0000014b88d22000, 0x0000014b88d22518]
Event: 7.692 Thread 0x0000014bff6fa800 1901       3       java.util.stream.ReferencePipeline$3::<init> (20 bytes)
Event: 7.693 Thread 0x0000014bff6fa800 nmethod 1901 0x0000014b88d22790 code [0x0000014b88d22960, 0x0000014b88d22c48]
Event: 7.693 Thread 0x0000014bff6fa800 1902       3       java.util.stream.ReferencePipeline$3::opWrapSink (10 bytes)
Event: 7.693 Thread 0x0000014bff6fa800 nmethod 1902 0x0000014b88d22d90 code [0x0000014b88d22f80, 0x0000014b88d23528]
Event: 9.507 Thread 0x0000014bff6fa800 1903       3       java.lang.StringBuilder::append (8 bytes)
Event: 9.508 Thread 0x0000014bff6fa800 nmethod 1903 0x0000014b88d23710 code [0x0000014b88d238c0, 0x0000014b88d23a88]
Event: 46.485 Thread 0x0000014bff6fa800 1904       3       java.util.ArrayDeque::isEmpty (17 bytes)
Event: 46.485 Thread 0x0000014bff6fa800 nmethod 1904 0x0000014b88d23b90 code [0x0000014b88d23d20, 0x0000014b88d23e78]

GC Heap History (2 events):
Event: 2.132 GC heap before
{Heap before GC invocations=0 (full 0):
 garbage-first heap   total 131072K, used 14336K [0x0000000081200000, 0x0000000100000000)
  region size 1024K, 14 young (14336K), 0 survivors (0K)
 Metaspace       used 11516K, capacity 11749K, committed 12032K, reserved 1060864K
  class space    used 1134K, capacity 1195K, committed 1280K, reserved 1048576K
}
Event: 2.138 GC heap after
{Heap after GC invocations=1 (full 0):
 garbage-first heap   total 131072K, used 2692K [0x0000000081200000, 0x0000000100000000)
  region size 1024K, 2 young (2048K), 2 survivors (2048K)
 Metaspace       used 11516K, capacity 11749K, committed 12032K, reserved 1060864K
  class space    used 1134K, capacity 1195K, committed 1280K, reserved 1048576K
}

Deoptimization events (10 events):
Event: 3.706 Thread 0x0000014b9a569000 Uncommon trap: reason=unstable_if action=reinterpret pc=0x0000014b8fee0560 method=java.lang.CharacterDataLatin1.digit(II)I @ 12 c2
Event: 4.099 Thread 0x0000014bfa58a000 Uncommon trap: reason=unstable_if action=reinterpret pc=0x0000014b8ff146a0 method=java.util.regex.Pattern$BmpCharProperty.match(Ljava/util/regex/Matcher;ILjava/lang/CharSequence;)Z @ 5 c2
Event: 4.268 Thread 0x0000014bfa58a000 Uncommon trap: reason=unstable_if action=reinterpret pc=0x0000014b8ff09b14 method=java.util.jar.JarFile.checkForSpecialAttributes()V @ 4 c2
Event: 5.072 Thread 0x0000014bfa58a000 Uncommon trap: reason=class_check action=maybe_recompile pc=0x0000014b8ff28994 method=org.openqa.selenium.json.Input.init()V @ 18 c2
Event: 5.072 Thread 0x0000014bfa58a000 Uncommon trap: reason=class_check action=maybe_recompile pc=0x0000014b8ff28994 method=org.openqa.selenium.json.Input.init()V @ 18 c2
Event: 5.072 Thread 0x0000014bfa58a000 Uncommon trap: reason=class_check action=maybe_recompile pc=0x0000014b8ff28994 method=org.openqa.selenium.json.Input.init()V @ 18 c2
Event: 5.072 Thread 0x0000014bfa58a000 Uncommon trap: reason=class_check action=maybe_recompile pc=0x0000014b8ff28994 method=org.openqa.selenium.json.Input.init()V @ 18 c2
Event: 6.622 Thread 0x0000014bfa58a000 Uncommon trap: reason=unstable_if action=reinterpret pc=0x0000014b8ff0af80 method=java.io.WinNTFileSystem.normalize(Ljava/lang/String;)Ljava/lang/String; @ 40 c2
Event: 6.622 Thread 0x0000014bfa58a000 Uncommon trap: reason=unstable_if action=reinterpret pc=0x0000014b8feb4e04 method=java.io.WinNTFileSystem.isSlash(C)Z @ 9 c2
Event: 6.625 Thread 0x0000014bfa58a000 Uncommon trap: reason=unstable_if action=reinterpret pc=0x0000014b8ff08878 method=java.util.jar.JarFile.checkForSpecialAttributes()V @ 4 c2

Classes redefined (4 events):
Event: 6859.851 Thread 0x0000014bff6ac800 redefined class name=BaseActions.BaseActions, count=1
Event: 8275.597 Thread 0x0000014bff6ac800 redefined class name=BaseActions.BaseActions, count=2
Event: 8352.686 Thread 0x0000014bff6ac800 redefined class name=BaseActions.BaseActions, count=3
Event: 9190.537 Thread 0x0000014bff6ac800 redefined class name=BaseActions.BaseActions, count=4

Internal exceptions (10 events):
Event: 50.134 Thread 0x0000014bfa58a000 Exception <a 'java/net/SocketTimeoutException'{0x00000000863bd778}: Read timed out> (0x00000000863bd778) thrown at [./open/src/hotspot/share/prims/jni.cpp, line 632]
Event: 50.165 Thread 0x0000014bfa58a000 Exception <a 'java/net/SocketTimeoutException'{0x00000000863d4de8}: Read timed out> (0x00000000863d4de8) thrown at [./open/src/hotspot/share/prims/jni.cpp, line 632]
Event: 51.733 Thread 0x0000014bfa58a000 Exception <a 'java/net/SocketTimeoutException'{0x0000000086207c68}: Read timed out> (0x0000000086207c68) thrown at [./open/src/hotspot/share/prims/jni.cpp, line 632]
Event: 52.555 Thread 0x0000014bfa58a000 Exception <a 'java/net/SocketTimeoutException'{0x000000008621e4f8}: Read timed out> (0x000000008621e4f8) thrown at [./open/src/hotspot/share/prims/jni.cpp, line 632]
Event: 53.142 Thread 0x0000014bfa58a000 Exception <a 'java/net/SocketTimeoutException'{0x0000000085dc5440}: Read timed out> (0x0000000085dc5440) thrown at [./open/src/hotspot/share/prims/jni.cpp, line 632]
Event: 56.544 Thread 0x0000014bfa58a000 Exception <a 'java/net/SocketTimeoutException'{0x0000000085ddc218}: Read timed out> (0x0000000085ddc218) thrown at [./open/src/hotspot/share/prims/jni.cpp, line 632]
Event: 56.575 Thread 0x0000014bfa58a000 Exception <a 'java/net/SocketTimeoutException'{0x0000000085df3d28}: Read timed out> (0x0000000085df3d28) thrown at [./open/src/hotspot/share/prims/jni.cpp, line 632]
Event: 58.132 Thread 0x0000014bfa58a000 Exception <a 'java/net/SocketTimeoutException'{0x0000000085c055e8}: Read timed out> (0x0000000085c055e8) thrown at [./open/src/hotspot/share/prims/jni.cpp, line 632]
Event: 58.891 Thread 0x0000014bfa58a000 Exception <a 'java/net/SocketTimeoutException'{0x00000000857ad650}: Read timed out> (0x00000000857ad650) thrown at [./open/src/hotspot/share/prims/jni.cpp, line 632]
Event: 159.700 Thread 0x0000014bfa58a000 Exception <a 'java/net/SocketTimeoutException'{0x00000000857c31a8}: Read timed out> (0x00000000857c31a8) thrown at [./open/src/hotspot/share/prims/jni.cpp, line 632]

Events (10 events):
Event: 9191.172 Executing VM operation: ChangeBreakpoints done
Event: 9191.180 Executing VM operation: ChangeBreakpoints
Event: 9191.181 Executing VM operation: ChangeBreakpoints done
Event: 9191.181 Executing VM operation: ChangeBreakpoints
Event: 9191.182 Executing VM operation: ChangeBreakpoints done
Event: 9191.187 Executing VM operation: ChangeBreakpoints
Event: 9191.188 Executing VM operation: ChangeBreakpoints done
Event: 9191.188 Executing VM operation: ChangeBreakpoints
Event: 9191.189 Executing VM operation: ChangeBreakpoints done
Event: 9191.201 Executing VM operation: ChangeBreakpoints


Dynamic libraries:
0x00007ff7edfd0000 - 0x00007ff7edfdf000 	C:\automation\Java\jdk-11.0.12\bin\java.exe
0x00007ffa93930000 - 0x00007ffa93b25000 	C:\WINDOWS\SYSTEM32\ntdll.dll
0x00007ffa92550000 - 0x00007ffa9260e000 	C:\WINDOWS\System32\KERNEL32.DLL
0x00007ffa915a0000 - 0x00007ffa91868000 	C:\WINDOWS\System32\KERNELBASE.dll
0x00007ffa910b0000 - 0x00007ffa911b0000 	C:\WINDOWS\System32\ucrtbase.dll
0x00007ffa8c6e0000 - 0x00007ffa8c6f8000 	C:\automation\Java\jdk-11.0.12\bin\jli.dll
0x00007ffa932a0000 - 0x00007ffa9334c000 	C:\WINDOWS\System32\ADVAPI32.dll
0x00007ffa92a60000 - 0x00007ffa92afe000 	C:\WINDOWS\System32\msvcrt.dll
0x00007ffa92be0000 - 0x00007ffa92c7b000 	C:\WINDOWS\System32\sechost.dll
0x00007ffa93590000 - 0x00007ffa936ba000 	C:\WINDOWS\System32\RPCRT4.dll
0x00007ffa93360000 - 0x00007ffa93501000 	C:\WINDOWS\System32\USER32.dll
0x00007ffa91520000 - 0x00007ffa91542000 	C:\WINDOWS\System32\win32u.dll
0x00007ffa92f30000 - 0x00007ffa92f5b000 	C:\WINDOWS\System32\GDI32.dll
0x00007ffa91870000 - 0x00007ffa9197b000 	C:\WINDOWS\System32\gdi32full.dll
0x00007ffa913a0000 - 0x00007ffa9143d000 	C:\WINDOWS\System32\msvcp_win.dll
0x00007ffa8a600000 - 0x00007ffa8a615000 	C:\automation\Java\jdk-11.0.12\bin\VCRUNTIME140.dll
0x00007ffa7b7f0000 - 0x00007ffa7ba8a000 	C:\WINDOWS\WinSxS\amd64_microsoft.windows.common-controls_6595b64144ccf1df_6.0.19041.1110_none_60b5254171f9507e\COMCTL32.dll
0x00007ffa89ff0000 - 0x00007ffa89ffa000 	C:\WINDOWS\SYSTEM32\VERSION.dll
0x00007ffa936c0000 - 0x00007ffa936f0000 	C:\WINDOWS\System32\IMM32.DLL
0x00007ffa8a560000 - 0x00007ffa8a5fb000 	C:\automation\Java\jdk-11.0.12\bin\msvcp140.dll
0x00007ffa53c70000 - 0x00007ffa5476f000 	C:\automation\Java\jdk-11.0.12\bin\server\jvm.dll
0x00007ffa920c0000 - 0x00007ffa920c8000 	C:\WINDOWS\System32\PSAPI.DLL
0x00007ffa879f0000 - 0x00007ffa879f9000 	C:\WINDOWS\SYSTEM32\WSOCK32.dll
0x00007ffa93080000 - 0x00007ffa930eb000 	C:\WINDOWS\System32\WS2_32.dll
0x00007ffa7f7d0000 - 0x00007ffa7f7f7000 	C:\WINDOWS\SYSTEM32\WINMM.dll
0x00007ffa8ef70000 - 0x00007ffa8ef82000 	C:\WINDOWS\SYSTEM32\kernel.appcore.dll
0x00007ffa8cbc0000 - 0x00007ffa8cbd0000 	C:\automation\Java\jdk-11.0.12\bin\verify.dll
0x00007ffa80ec0000 - 0x00007ffa810a4000 	C:\WINDOWS\SYSTEM32\DBGHELP.DLL
0x00007ffa80dd0000 - 0x00007ffa80dfc000 	C:\WINDOWS\SYSTEM32\dbgcore.DLL
0x00007ffa911b0000 - 0x00007ffa91233000 	C:\WINDOWS\System32\bcryptPrimitives.dll
0x00007ffa88040000 - 0x00007ffa88068000 	C:\automation\Java\jdk-11.0.12\bin\java.dll
0x00007ffa8cb10000 - 0x00007ffa8cb1a000 	C:\automation\Java\jdk-11.0.12\bin\jimage.dll
0x00007ffa7ef80000 - 0x00007ffa7efb8000 	C:\automation\Java\jdk-11.0.12\bin\jdwp.dll
0x00007ffa8b430000 - 0x00007ffa8b43e000 	C:\automation\Java\jdk-11.0.12\bin\instrument.dll
0x00007ffa801b0000 - 0x00007ffa801c6000 	C:\automation\Java\jdk-11.0.12\bin\zip.dll
0x00007ffa91980000 - 0x00007ffa920bf000 	C:\WINDOWS\System32\SHELL32.dll
0x00007ffa8f170000 - 0x00007ffa8f900000 	C:\WINDOWS\SYSTEM32\windows.storage.dll
0x00007ffa92700000 - 0x00007ffa92a55000 	C:\WINDOWS\System32\combase.dll
0x00007ffa90aa0000 - 0x00007ffa90ace000 	C:\WINDOWS\SYSTEM32\Wldp.dll
0x00007ffa92e20000 - 0x00007ffa92ecd000 	C:\WINDOWS\System32\SHCORE.dll
0x00007ffa92dc0000 - 0x00007ffa92e15000 	C:\WINDOWS\System32\shlwapi.dll
0x00007ffa90f90000 - 0x00007ffa90faf000 	C:\WINDOWS\SYSTEM32\profapi.dll
0x00007ffa807e0000 - 0x00007ffa807ea000 	C:\automation\Java\jdk-11.0.12\bin\dt_socket.dll
0x00007ffa90790000 - 0x00007ffa907fa000 	C:\WINDOWS\system32\mswsock.dll
0x00007ffa7e2d0000 - 0x00007ffa7e2e9000 	C:\automation\Java\jdk-11.0.12\bin\net.dll
0x00007ffa83eb0000 - 0x00007ffa83fbc000 	C:\WINDOWS\SYSTEM32\WINHTTP.dll
0x00007ffa7e2b0000 - 0x00007ffa7e2c2000 	C:\automation\Java\jdk-11.0.12\bin\nio.dll
0x00007ffa904c0000 - 0x00007ffa9058b000 	C:\WINDOWS\SYSTEM32\DNSAPI.dll
0x00007ffa90480000 - 0x00007ffa904bb000 	C:\WINDOWS\SYSTEM32\IPHLPAPI.DLL
0x00007ffa93350000 - 0x00007ffa93358000 	C:\WINDOWS\System32\NSI.dll
0x00007ffa833a0000 - 0x00007ffa833aa000 	C:\Windows\System32\rasadhlp.dll
0x00007ffa83470000 - 0x00007ffa834ef000 	C:\WINDOWS\System32\fwpuclnt.dll
0x00007ffa91440000 - 0x00007ffa91467000 	C:\WINDOWS\System32\bcrypt.dll
0x00007ffa7e280000 - 0x00007ffa7e2a5000 	C:\automation\Java\jdk-11.0.12\bin\sunec.dll
0x00007ffa7ea00000 - 0x00007ffa7ea0d000 	C:\automation\Java\jdk-11.0.12\bin\sunmscapi.dll
0x00007ffa91240000 - 0x00007ffa91396000 	C:\WINDOWS\System32\CRYPT32.dll
0x00007ffa90b10000 - 0x00007ffa90b37000 	C:\WINDOWS\SYSTEM32\ncrypt.dll
0x00007ffa90ad0000 - 0x00007ffa90b0b000 	C:\WINDOWS\SYSTEM32\NTASN1.dll
0x00007ffa90a00000 - 0x00007ffa90a18000 	C:\WINDOWS\SYSTEM32\CRYPTSP.dll
0x00007ffa900b0000 - 0x00007ffa900e4000 	C:\WINDOWS\system32\rsaenh.dll
0x00007ffa90f50000 - 0x00007ffa90f7e000 	C:\WINDOWS\SYSTEM32\USERENV.dll
0x00007ffa909f0000 - 0x00007ffa909fc000 	C:\WINDOWS\SYSTEM32\CRYPTBASE.dll
0x00007ffa887c0000 - 0x00007ffa887d7000 	C:\WINDOWS\SYSTEM32\dhcpcsvc6.DLL
0x00007ffa87f80000 - 0x00007ffa87f9d000 	C:\WINDOWS\SYSTEM32\dhcpcsvc.DLL

dbghelp: loaded successfully - version: 4.0.5 - missing functions: none
symbol engine: initialized successfully - sym options: 0x614 - pdb path: .;C:\automation\Java\jdk-11.0.12\bin;C:\WINDOWS\SYSTEM32;C:\WINDOWS\WinSxS\amd64_microsoft.windows.common-controls_6595b64144ccf1df_6.0.19041.1110_none_60b5254171f9507e;C:\automation\Java\jdk-11.0.12\bin\server

VM Arguments:
jvm_args: -agentlib:jdwp=transport=dt_socket,address=127.0.0.1:61339,suspend=y,server=n -ea -Didea.test.cyclic.buffer.size=1048576 -javaagent:C:\Users\SotBit\AppData\Local\JetBrains\IdeaIC2021.2\captureAgent\debugger-agent.jar -Dfile.encoding=UTF-8 
java_command: com.intellij.rt.junit.JUnitStarter -ideVersion5 -junit4 Catalog.Catalog,addingProductToCartUsingIconPlus
java_class_path (initial): C:\automation\IntelliJ IDEA Community Edition 2021.2\lib\idea_rt.jar;C:\automation\IntelliJ IDEA Community Edition 2021.2\plugins\junit\lib\junit5-rt.jar;C:\automation\IntelliJ IDEA Community Edition 2021.2\plugins\junit\lib\junit-rt.jar;C:\Users\SotBit\Desktop\разное\AutomationTests\b2b\b2bProject\target\test-classes;C:\Users\SotBit\.m2\repository\junit\junit\4.13\junit-4.13.jar;C:\Users\SotBit\.m2\repository\org\hamcrest\hamcrest-core\1.3\hamcrest-core-1.3.jar;C:\Users\SotBit\.m2\repository\org\seleniumhq\selenium\selenium-java\3.141.59\selenium-java-3.141.59.jar;C:\Users\SotBit\.m2\repository\org\seleniumhq\selenium\selenium-api\3.141.59\selenium-api-3.141.59.jar;C:\Users\SotBit\.m2\repository\org\seleniumhq\selenium\selenium-chrome-driver\3.141.59\selenium-chrome-driver-3.141.59.jar;C:\Users\SotBit\.m2\repository\org\seleniumhq\selenium\selenium-edge-driver\3.141.59\selenium-edge-driver-3.141.59.jar;C:\Users\SotBit\.m2\repository\org\seleniumhq\selenium\selenium-firefox-driver\3.141.59\selenium-firefox-driver-3.141.59.jar;C:\Users\SotBit\.m2\repository\org\seleniumhq\selenium\selenium-ie-driver\3.141.59\selenium-ie-driver-3.141.59.jar;C:\Users\SotBit\.m2\repository\org\seleniumhq\selenium\selenium-opera-driver\3.141.59\selenium-opera-driver-3.141.59.jar;C:\Users\SotBit\.m2\repository\org\seleniumhq\selenium\selenium-remote-driver\3.141.59\selenium-remote-driver-3.141.59.jar;C:\Users\SotBit\.m2\repository\org\seleniumhq\selenium\selenium-safari-driver\3.141.59\selenium-safari-driver-3.141.59.jar;C:\Users\SotBit\.m2\repository\org\seleniumhq\selenium\selenium-support\3.141.59\selenium-support-3.141.59.jar;C:\Users\SotBit\.m2\repository\net\bytebuddy\byte-buddy\1.8.15\byte-buddy-1.8.15.jar;C:\Users\SotBit\.m2\repository\org\apache\commons\commons-exec\1.3\commons-exec-1.3.jar;C:\Users\SotBit\.m2\repository\com\google\guava\guava\25.0-jre\guava-25.0-jre.jar;C:\Users\SotBit\.m2\repository\com\google\code\findbugs\jsr305\1.3.9\jsr305-1.3.9
Launcher Type: SUN_STANDARD

[Global flags]
     intx CICompilerCount                          = 3                                         {product} {ergonomic}
     uint ConcGCThreads                            = 1                                         {product} {ergonomic}
     uint G1ConcRefinementThreads                  = 4                                         {product} {ergonomic}
   size_t G1HeapRegionSize                         = 1048576                                   {product} {ergonomic}
    uintx GCDrainStackTargetSize                   = 64                                        {product} {ergonomic}
   size_t InitialHeapSize                          = 134217728                                 {product} {ergonomic}
   size_t MarkStackSize                            = 4194304                                   {product} {ergonomic}
   size_t MaxHeapSize                              = 2128609280                                {product} {ergonomic}
   size_t MaxNewSize                               = 1277165568                                {product} {ergonomic}
   size_t MinHeapDeltaBytes                        = 1048576                                   {product} {ergonomic}
    uintx NonNMethodCodeHeapSize                   = 5830732                                {pd product} {ergonomic}
    uintx NonProfiledCodeHeapSize                  = 122913754                              {pd product} {ergonomic}
    uintx ProfiledCodeHeapSize                     = 122913754                              {pd product} {ergonomic}
    uintx ReservedCodeCacheSize                    = 251658240                              {pd product} {ergonomic}
     bool SegmentedCodeCache                       = true                                      {product} {ergonomic}
     bool UseCompressedClassPointers               = true                                 {lp64_product} {ergonomic}
     bool UseCompressedOops                        = true                                 {lp64_product} {ergonomic}
     bool UseG1GC                                  = true                                      {product} {ergonomic}
     bool UseLargePagesIndividualAllocation        = false                                  {pd product} {ergonomic}

Logging:
Log output configuration:
 #0: stdout all=warning uptime,level,tags
 #1: stderr all=off uptime,level,tags

Environment Variables:
JAVA_HOME=C:\automation\Java\jdk-11.0.12
PATH=C:\Program Files\Common Files\Oracle\Java\javapath;C:\WINDOWS\system32;C:\WINDOWS;C:\WINDOWS\System32\Wbem;C:\WINDOWS\System32\WindowsPowerShell\v1.0\;C:\WINDOWS\System32\OpenSSH\;C:\automation\apache-maven-3.8.2\bin;C:\automation\Java\jdk-11.0.12\bin;C:\automation\WebDrivers;C:\automation\Git\cmd;C:\Users\SotBit\AppData\Local\Microsoft\WindowsApps;C:\Users\SotBit\AppData\Local\Programs\Microsoft VS Code\bin
USERNAME=SotBit
OS=Windows_NT
PROCESSOR_IDENTIFIER=Intel64 Family 6 Model 158 Stepping 9, GenuineIntel



---------------  S Y S T E M  ---------------

OS: Windows 10 , 64 bit Build 19041 (10.0.19041.1348)

CPU:total 4 (initial active 4) (2 cores per cpu, 2 threads per core) family 6 model 158 stepping 9 microcode 0xb4, cmov, cx8, fxsr, mmx, sse, sse2, sse3, ssse3, sse4.1, sse4.2, popcnt, avx, avx2, aes, clmul, erms, 3dnowpref, lzcnt, ht, tsc, tscinvbit, bmi1, bmi2, adx, fma

Memory: 4k page, system-wide physical 8117M (2299M free)
TotalPageFile size 11317M (AvailPageFile size 2311M)
current process WorkingSet (physical memory assigned to process): 48M, peak: 121M
current process commit charge ("private bytes"): 222M, peak: 227M

vm_info: Java HotSpot(TM) 64-Bit Server VM (11.0.12+8-LTS-237) for windows-amd64 JRE (11.0.12+8-LTS-237), built on Jun  8 2021 11:25:59 by "mach5one" with MS VC++ 15.9 (VS2017)

END.
