#
# A fatal error has been detected by the Java Runtime Environment:
#
#  EXCEPTION_ACCESS_VIOLATION (0xc0000005) at pc=0x00007ffec86c655f, pid=23940, tid=18444
#
# JRE version: Java(TM) SE Runtime Environment 18.9 (11.0.12+8) (build 11.0.12+8-LTS-237)
# Java VM: Java HotSpot(TM) 64-Bit Server VM 18.9 (11.0.12+8-LTS-237, mixed mode, tiered, compressed oops, g1 gc, windows-amd64)
# Problematic frame:
# V  [jvm.dll+0x48655f]
#
# No core dump will be written. Minidumps are not enabled by default on client versions of Windows
#
# If you would like to submit a bug report, please visit:
#   https://bugreport.java.com/bugreport/crash.jsp
#

---------------  S U M M A R Y ------------

Command Line: -agentlib:jdwp=transport=dt_socket,address=127.0.0.1:55339,suspend=y,server=n -ea -Didea.test.cyclic.buffer.size=1048576 -javaagent:C:\Users\SotBit\AppData\Local\JetBrains\IdeaIC2021.2\captureAgent\debugger-agent.jar -Dfile.encoding=UTF-8 com.intellij.rt.junit.JUnitStarter -ideVersion5 -junit4 Catalog.Catalog,circle

Host: Intel(R) Core(TM) i3-7100 CPU @ 3.90GHz, 4 cores, 7G,  Windows 10 , 64 bit Build 19041 (10.0.19041.1202)
Time: Fri Nov 12 11:50:21 2021 RTZ 2 (зима) elapsed time: 1760.324386 seconds (0d 0h 29m 20s)

---------------  T H R E A D  ---------------

Current thread (0x000001447f826800):  JavaThread "JDWP Transport Listener: dt_socket" daemon [_thread_in_vm, id=18444, stack(0x00000026ab000000,0x00000026ab100000)]

Stack: [0x00000026ab000000,0x00000026ab100000],  sp=0x00000026ab0ff6e0,  free space=1021k
Native frames: (J=compiled Java code, j=interpreted, Vv=VM code, C=native code)
V  [jvm.dll+0x48655f]
V  [jvm.dll+0x4c2ec5]
V  [jvm.dll+0x48c9bf]
C  [jdwp.dll+0x429e]


siginfo: EXCEPTION_ACCESS_VIOLATION (0xc0000005), reading address 0x000001441d295778


Register to memory mapping:

RIP=0x00007ffec86c655f jvm.dll
RAX=0x000001441d25ed50 is pointing into metadata
RBX=0x00000000000000b2 is an unknown value
RCX=0x000001441d25be50 is pointing into metadata
RDX=0x000001441d295758 is an unknown value
RSP=0x00000026ab0ff6e0 is pointing into the stack for thread: 0x000001447f826800
RBP=0x00000026ab0ff730 is pointing into the stack for thread: 0x000001447f826800
RSI=0x000001441d25be50 is pointing into metadata
RDI=0x0000000000000003 is an unknown value
R8 =0x0000000000000002 is an unknown value
R9 =0x00007ffef6b60000 VCRUNTIME140.dll
R10=0x000001441d25be89 is pointing into metadata
R11=0x000001441bd92131 points into unknown readable memory: b2 1a 00 07 00 00 00
R12=0x00000026ab0ff780 is pointing into the stack for thread: 0x000001447f826800
R13=0x0000000000000001 is an unknown value
R14=0x000001441d25be88 is pointing into metadata
R15=0x000001441bd92130 points into unknown readable memory: 0x00000007001ab2b2 | b2 b2 1a 00 07 00 00 00


Registers:
RAX=0x000001441d25ed50, RBX=0x00000000000000b2, RCX=0x000001441d25be50, RDX=0x000001441d295758
RSP=0x00000026ab0ff6e0, RBP=0x00000026ab0ff730, RSI=0x000001441d25be50, RDI=0x0000000000000003
R8 =0x0000000000000002, R9 =0x00007ffef6b60000, R10=0x000001441d25be89, R11=0x000001441bd92131
R12=0x00000026ab0ff780, R13=0x0000000000000001, R14=0x000001441d25be88, R15=0x000001441bd92130
RIP=0x00007ffec86c655f, EFLAGS=0x0000000000010202

Top of Stack: (sp=0x00000026ab0ff6e0)
0x00000026ab0ff6e0:   0000000000000057 00007ffec872102a
0x00000026ab0ff6f0:   0000014400000000 00007ffec861537b
0x00000026ab0ff700:   000001441d25bef8 000001447f826800
0x00000026ab0ff710:   0000000300000000 000000b200000057
0x00000026ab0ff720:   0000000000000000 00007ffe000000b2
0x00000026ab0ff730:   000001447f5a6c28 0000000000000000
0x00000026ab0ff740:   0000000000000000 00000026ab0ff898
0x00000026ab0ff750:   00000026ab0ff890 00007ffec8702ec5
0x00000026ab0ff760:   0000000000000000 0000000000000057
0x00000026ab0ff770:   00000026ab0ff890 00000026ab0ff898
0x00000026ab0ff780:   000001441d25bef8 000001447f826800
0x00000026ab0ff790:   000001447f826800 000001447f6c0640
0x00000026ab0ff7a0:   000001447f7e34e0 000001447f7e34f0
0x00000026ab0ff7b0:   000001447f7e35c8 00000000000000d8
0x00000026ab0ff7c0:   00000026ab0ffb80 0000000000000000
0x00000026ab0ff7d0:   000001447f8f35c0 00007ffec86cc9bf 

Instructions: (pc=0x00007ffec86c655f)
0x00007ffec86c653f:   39 f7 d0 48 63 d0 eb 04 0f b7 56 39 49 8b 04 24
0x00007ffec86c654f:   48 c1 e2 05 48 8b 48 08 48 8b 41 08 48 03 50 10
0x00007ffec86c655f:   48 8b 4a 20 0f b6 c1 66 c1 e0 08 66 c1 e9 08 66
0x00007ffec86c656f:   0b c1 66 41 89 47 01 81 fb ba 00 00 00 75 76 48 


Stack slot to memory mapping:
stack at sp + 0 slots: 0x0000000000000057 is an unknown value
stack at sp + 1 slots: 0x00007ffec872102a jvm.dll
stack at sp + 2 slots: 0x0000014400000000 points into unknown readable memory: 0x00010000cafedada | da da fe ca 00 00 01 00
stack at sp + 3 slots: 0x00007ffec861537b jvm.dll
stack at sp + 4 slots: {method} {0x000001441d25bf00} 'enteringTheMaxPriceIntoTheFilter' '()V' in 'Catalog/MethodsForCatalog'
stack at sp + 5 slots: 0x000001447f826800 is a thread
stack at sp + 6 slots: 0x0000000300000000 is an unknown value
stack at sp + 7 slots: 0x000000b200000057 is an unknown value


---------------  P R O C E S S  ---------------

Threads class SMR info:
_java_thread_list=0x000001447ff3ae60, length=19, elements={
0x000001447b908000, 0x000001447eaa6000, 0x000001447eaaf000, 0x000001447f443000,
0x000001447eac0000, 0x000001447eac3000, 0x000001447eac5000, 0x000001447ead4000,
0x000001447ead9800, 0x000001447ea3a800, 0x000001447f826800, 0x000001447f827000,
0x000001447f65d000, 0x000001447fefd000, 0x000001447ff59000, 0x000001447fff9800,
0x000001447ff5a800, 0x000001441bd87000, 0x000001441bdc4800
}

Java Threads: ( => current thread )
  0x000001447b908000 JavaThread "main" [_thread_blocked, id=20836, stack(0x00000026aa000000,0x00000026aa100000)]
  0x000001447eaa6000 JavaThread "Reference Handler" daemon [_thread_blocked, id=24924, stack(0x00000026aa700000,0x00000026aa800000)]
  0x000001447eaaf000 JavaThread "Finalizer" daemon [_thread_blocked, id=7564, stack(0x00000026aa800000,0x00000026aa900000)]
  0x000001447f443000 JavaThread "Signal Dispatcher" daemon [_thread_blocked, id=5316, stack(0x00000026aa900000,0x00000026aaa00000)]
  0x000001447eac0000 JavaThread "Attach Listener" daemon [_thread_blocked, id=12420, stack(0x00000026aaa00000,0x00000026aab00000)]
  0x000001447eac3000 JavaThread "Service Thread" daemon [_thread_blocked, id=13460, stack(0x00000026aab00000,0x00000026aac00000)]
  0x000001447eac5000 JavaThread "C2 CompilerThread0" daemon [_thread_blocked, id=19140, stack(0x00000026aac00000,0x00000026aad00000)]
  0x000001447ead4000 JavaThread "C1 CompilerThread0" daemon [_thread_blocked, id=25100, stack(0x00000026aad00000,0x00000026aae00000)]
  0x000001447ead9800 JavaThread "Sweeper thread" daemon [_thread_blocked, id=17236, stack(0x00000026aae00000,0x00000026aaf00000)]
  0x000001447ea3a800 JavaThread "Common-Cleaner" daemon [_thread_blocked, id=8520, stack(0x00000026aaf00000,0x00000026ab000000)]
=>0x000001447f826800 JavaThread "JDWP Transport Listener: dt_socket" daemon [_thread_in_vm, id=18444, stack(0x00000026ab000000,0x00000026ab100000)]
  0x000001447f827000 JavaThread "JDWP Event Helper Thread" daemon [_thread_blocked, id=20256, stack(0x00000026ab100000,0x00000026ab200000)]
  0x000001447f65d000 JavaThread "JDWP Command Reader" daemon [_thread_in_native, id=24708, stack(0x00000026ab200000,0x00000026ab300000)]
  0x000001447fefd000 JavaThread "Exec Default Executor" daemon [_thread_in_native, id=6480, stack(0x00000026ab700000,0x00000026ab800000)]
  0x000001447ff59000 JavaThread "Exec Stream Pumper" daemon [_thread_in_native, id=24780, stack(0x00000026ab800000,0x00000026ab900000)]
  0x000001447fff9800 JavaThread "Exec Stream Pumper" daemon [_thread_in_native, id=10944, stack(0x00000026ab900000,0x00000026aba00000)]
  0x000001447ff5a800 JavaThread "UrlChecker-2" daemon [_thread_blocked, id=24476, stack(0x00000026aba00000,0x00000026abb00000)]
  0x000001441bd87000 JavaThread "OkHttp ConnectionPool" daemon [_thread_blocked, id=22004, stack(0x00000026ab600000,0x00000026ab700000)]
  0x000001441bdc4800 JavaThread "Okio Watchdog" daemon [_thread_blocked, id=9044, stack(0x00000026abd00000,0x00000026abe00000)]

Other Threads:
  0x000001447ea82000 VMThread "VM Thread" [stack: 0x00000026aa600000,0x00000026aa700000] [id=1896]
  0x000001447f7a9800 WatcherThread [stack: 0x00000026ab300000,0x00000026ab400000] [id=15920]
  0x000001447b91e000 GCTaskThread "GC Thread#0" [stack: 0x00000026aa100000,0x00000026aa200000] [id=9116]
  0x000001447fec3800 GCTaskThread "GC Thread#1" [stack: 0x00000026ab400000,0x00000026ab500000] [id=11116]
  0x000001447fec4000 GCTaskThread "GC Thread#2" [stack: 0x00000026ab500000,0x00000026ab600000] [id=24160]
  0x000001447b951800 ConcurrentGCThread "G1 Main Marker" [stack: 0x00000026aa200000,0x00000026aa300000] [id=23468]
  0x000001447b954800 ConcurrentGCThread "G1 Conc#0" [stack: 0x00000026aa300000,0x00000026aa400000] [id=23032]
  0x000001447b9e5000 ConcurrentGCThread "G1 Refine#0" [stack: 0x00000026aa400000,0x00000026aa500000] [id=22684]
  0x000001447b9e6000 ConcurrentGCThread "G1 Young RemSet Sampling" [stack: 0x00000026aa500000,0x00000026aa600000] [id=14400]

Threads with active compile tasks:

VM state:not at safepoint (normal execution)

VM Mutex/Monitor currently owned by a thread: None

Heap address: 0x0000000081200000, size: 2030 MB, Compressed Oops mode: 32-bit
Narrow klass base: 0x0000000000000000, Narrow klass shift: 3
Compressed class space size: 1073741824 Address: 0x0000000100000000

Heap:
 garbage-first heap   total 131072K, used 44834K [0x0000000081200000, 0x0000000100000000)
  region size 1024K, 44 young (45056K), 2 survivors (2048K)
 Metaspace       used 20543K, capacity 21104K, committed 21296K, reserved 1069056K
  class space    used 2181K, capacity 2379K, committed 2432K, reserved 1048576K
Heap Regions: E=young(eden), S=young(survivor), O=old, HS=humongous(starts), HC=humongous(continues), CS=collection set, F=free, A=archive, TAMS=top-at-mark-start (previous, next)
|   0|0x0000000081200000, 0x00000000812c8800, 0x0000000081300000| 78%| O|  |TAMS 0x0000000081200000, 0x0000000081200000| Untracked 
|   1|0x0000000081300000, 0x0000000081300000, 0x0000000081400000|  0%| F|  |TAMS 0x0000000081300000, 0x0000000081300000| Untracked 
|   2|0x0000000081400000, 0x0000000081400000, 0x0000000081500000|  0%| F|  |TAMS 0x0000000081400000, 0x0000000081400000| Untracked 
|   3|0x0000000081500000, 0x0000000081500000, 0x0000000081600000|  0%| F|  |TAMS 0x0000000081500000, 0x0000000081500000| Untracked 
|   4|0x0000000081600000, 0x0000000081600000, 0x0000000081700000|  0%| F|  |TAMS 0x0000000081600000, 0x0000000081600000| Untracked 
|   5|0x0000000081700000, 0x0000000081700000, 0x0000000081800000|  0%| F|  |TAMS 0x0000000081700000, 0x0000000081700000| Untracked 
|   6|0x0000000081800000, 0x0000000081800000, 0x0000000081900000|  0%| F|  |TAMS 0x0000000081800000, 0x0000000081800000| Untracked 
|   7|0x0000000081900000, 0x0000000081900000, 0x0000000081a00000|  0%| F|  |TAMS 0x0000000081900000, 0x0000000081900000| Untracked 
|   8|0x0000000081a00000, 0x0000000081a00000, 0x0000000081b00000|  0%| F|  |TAMS 0x0000000081a00000, 0x0000000081a00000| Untracked 
|   9|0x0000000081b00000, 0x0000000081b00000, 0x0000000081c00000|  0%| F|  |TAMS 0x0000000081b00000, 0x0000000081b00000| Untracked 
|  10|0x0000000081c00000, 0x0000000081c00000, 0x0000000081d00000|  0%| F|  |TAMS 0x0000000081c00000, 0x0000000081c00000| Untracked 
|  11|0x0000000081d00000, 0x0000000081d00000, 0x0000000081e00000|  0%| F|  |TAMS 0x0000000081d00000, 0x0000000081d00000| Untracked 
|  12|0x0000000081e00000, 0x0000000081e00000, 0x0000000081f00000|  0%| F|  |TAMS 0x0000000081e00000, 0x0000000081e00000| Untracked 
|  13|0x0000000081f00000, 0x0000000081f00000, 0x0000000082000000|  0%| F|  |TAMS 0x0000000081f00000, 0x0000000081f00000| Untracked 
|  14|0x0000000082000000, 0x0000000082000000, 0x0000000082100000|  0%| F|  |TAMS 0x0000000082000000, 0x0000000082000000| Untracked 
|  15|0x0000000082100000, 0x0000000082100000, 0x0000000082200000|  0%| F|  |TAMS 0x0000000082100000, 0x0000000082100000| Untracked 
|  16|0x0000000082200000, 0x0000000082200000, 0x0000000082300000|  0%| F|  |TAMS 0x0000000082200000, 0x0000000082200000| Untracked 
|  17|0x0000000082300000, 0x0000000082300000, 0x0000000082400000|  0%| F|  |TAMS 0x0000000082300000, 0x0000000082300000| Untracked 
|  18|0x0000000082400000, 0x0000000082400000, 0x0000000082500000|  0%| F|  |TAMS 0x0000000082400000, 0x0000000082400000| Untracked 
|  19|0x0000000082500000, 0x0000000082500000, 0x0000000082600000|  0%| F|  |TAMS 0x0000000082500000, 0x0000000082500000| Untracked 
|  20|0x0000000082600000, 0x0000000082600000, 0x0000000082700000|  0%| F|  |TAMS 0x0000000082600000, 0x0000000082600000| Untracked 
|  21|0x0000000082700000, 0x0000000082700000, 0x0000000082800000|  0%| F|  |TAMS 0x0000000082700000, 0x0000000082700000| Untracked 
|  22|0x0000000082800000, 0x0000000082800000, 0x0000000082900000|  0%| F|  |TAMS 0x0000000082800000, 0x0000000082800000| Untracked 
|  23|0x0000000082900000, 0x0000000082900000, 0x0000000082a00000|  0%| F|  |TAMS 0x0000000082900000, 0x0000000082900000| Untracked 
|  24|0x0000000082a00000, 0x0000000082a00000, 0x0000000082b00000|  0%| F|  |TAMS 0x0000000082a00000, 0x0000000082a00000| Untracked 
|  25|0x0000000082b00000, 0x0000000082b00000, 0x0000000082c00000|  0%| F|  |TAMS 0x0000000082b00000, 0x0000000082b00000| Untracked 
|  26|0x0000000082c00000, 0x0000000082c00000, 0x0000000082d00000|  0%| F|  |TAMS 0x0000000082c00000, 0x0000000082c00000| Untracked 
|  27|0x0000000082d00000, 0x0000000082d00000, 0x0000000082e00000|  0%| F|  |TAMS 0x0000000082d00000, 0x0000000082d00000| Untracked 
|  28|0x0000000082e00000, 0x0000000082e00000, 0x0000000082f00000|  0%| F|  |TAMS 0x0000000082e00000, 0x0000000082e00000| Untracked 
|  29|0x0000000082f00000, 0x0000000082f00000, 0x0000000083000000|  0%| F|  |TAMS 0x0000000082f00000, 0x0000000082f00000| Untracked 
|  30|0x0000000083000000, 0x0000000083000000, 0x0000000083100000|  0%| F|  |TAMS 0x0000000083000000, 0x0000000083000000| Untracked 
|  31|0x0000000083100000, 0x0000000083100000, 0x0000000083200000|  0%| F|  |TAMS 0x0000000083100000, 0x0000000083100000| Untracked 
|  32|0x0000000083200000, 0x0000000083200000, 0x0000000083300000|  0%| F|  |TAMS 0x0000000083200000, 0x0000000083200000| Untracked 
|  33|0x0000000083300000, 0x0000000083300000, 0x0000000083400000|  0%| F|  |TAMS 0x0000000083300000, 0x0000000083300000| Untracked 
|  34|0x0000000083400000, 0x0000000083400000, 0x0000000083500000|  0%| F|  |TAMS 0x0000000083400000, 0x0000000083400000| Untracked 
|  35|0x0000000083500000, 0x0000000083500000, 0x0000000083600000|  0%| F|  |TAMS 0x0000000083500000, 0x0000000083500000| Untracked 
|  36|0x0000000083600000, 0x0000000083600000, 0x0000000083700000|  0%| F|  |TAMS 0x0000000083600000, 0x0000000083600000| Untracked 
|  37|0x0000000083700000, 0x0000000083700000, 0x0000000083800000|  0%| F|  |TAMS 0x0000000083700000, 0x0000000083700000| Untracked 
|  38|0x0000000083800000, 0x0000000083800000, 0x0000000083900000|  0%| F|  |TAMS 0x0000000083800000, 0x0000000083800000| Untracked 
|  39|0x0000000083900000, 0x0000000083900000, 0x0000000083a00000|  0%| F|  |TAMS 0x0000000083900000, 0x0000000083900000| Untracked 
|  40|0x0000000083a00000, 0x0000000083a00000, 0x0000000083b00000|  0%| F|  |TAMS 0x0000000083a00000, 0x0000000083a00000| Untracked 
|  41|0x0000000083b00000, 0x0000000083b00000, 0x0000000083c00000|  0%| F|  |TAMS 0x0000000083b00000, 0x0000000083b00000| Untracked 
|  42|0x0000000083c00000, 0x0000000083c00000, 0x0000000083d00000|  0%| F|  |TAMS 0x0000000083c00000, 0x0000000083c00000| Untracked 
|  43|0x0000000083d00000, 0x0000000083d00000, 0x0000000083e00000|  0%| F|  |TAMS 0x0000000083d00000, 0x0000000083d00000| Untracked 
|  44|0x0000000083e00000, 0x0000000083e00000, 0x0000000083f00000|  0%| F|  |TAMS 0x0000000083e00000, 0x0000000083e00000| Untracked 
|  45|0x0000000083f00000, 0x0000000083f00000, 0x0000000084000000|  0%| F|  |TAMS 0x0000000083f00000, 0x0000000083f00000| Untracked 
|  46|0x0000000084000000, 0x0000000084000000, 0x0000000084100000|  0%| F|  |TAMS 0x0000000084000000, 0x0000000084000000| Untracked 
|  47|0x0000000084100000, 0x0000000084100000, 0x0000000084200000|  0%| F|  |TAMS 0x0000000084100000, 0x0000000084100000| Untracked 
|  48|0x0000000084200000, 0x0000000084200000, 0x0000000084300000|  0%| F|  |TAMS 0x0000000084200000, 0x0000000084200000| Untracked 
|  49|0x0000000084300000, 0x0000000084300000, 0x0000000084400000|  0%| F|  |TAMS 0x0000000084300000, 0x0000000084300000| Untracked 
|  50|0x0000000084400000, 0x0000000084400000, 0x0000000084500000|  0%| F|  |TAMS 0x0000000084400000, 0x0000000084400000| Untracked 
|  51|0x0000000084500000, 0x0000000084500000, 0x0000000084600000|  0%| F|  |TAMS 0x0000000084500000, 0x0000000084500000| Untracked 
|  52|0x0000000084600000, 0x0000000084600000, 0x0000000084700000|  0%| F|  |TAMS 0x0000000084600000, 0x0000000084600000| Untracked 
|  53|0x0000000084700000, 0x0000000084700000, 0x0000000084800000|  0%| F|  |TAMS 0x0000000084700000, 0x0000000084700000| Untracked 
|  54|0x0000000084800000, 0x0000000084800000, 0x0000000084900000|  0%| F|  |TAMS 0x0000000084800000, 0x0000000084800000| Untracked 
|  55|0x0000000084900000, 0x0000000084900000, 0x0000000084a00000|  0%| F|  |TAMS 0x0000000084900000, 0x0000000084900000| Untracked 
|  56|0x0000000084a00000, 0x0000000084a00000, 0x0000000084b00000|  0%| F|  |TAMS 0x0000000084a00000, 0x0000000084a00000| Untracked 
|  57|0x0000000084b00000, 0x0000000084b00000, 0x0000000084c00000|  0%| F|  |TAMS 0x0000000084b00000, 0x0000000084b00000| Untracked 
|  58|0x0000000084c00000, 0x0000000084c00000, 0x0000000084d00000|  0%| F|  |TAMS 0x0000000084c00000, 0x0000000084c00000| Untracked 
|  59|0x0000000084d00000, 0x0000000084d00000, 0x0000000084e00000|  0%| F|  |TAMS 0x0000000084d00000, 0x0000000084d00000| Untracked 
|  60|0x0000000084e00000, 0x0000000084e00000, 0x0000000084f00000|  0%| F|  |TAMS 0x0000000084e00000, 0x0000000084e00000| Untracked 
|  61|0x0000000084f00000, 0x0000000084f00000, 0x0000000085000000|  0%| F|  |TAMS 0x0000000084f00000, 0x0000000084f00000| Untracked 
|  62|0x0000000085000000, 0x0000000085000000, 0x0000000085100000|  0%| F|  |TAMS 0x0000000085000000, 0x0000000085000000| Untracked 
|  63|0x0000000085100000, 0x0000000085100000, 0x0000000085200000|  0%| F|  |TAMS 0x0000000085100000, 0x0000000085100000| Untracked 
|  64|0x0000000085200000, 0x0000000085200000, 0x0000000085300000|  0%| F|  |TAMS 0x0000000085200000, 0x0000000085200000| Untracked 
|  65|0x0000000085300000, 0x0000000085300000, 0x0000000085400000|  0%| F|  |TAMS 0x0000000085300000, 0x0000000085300000| Untracked 
|  66|0x0000000085400000, 0x0000000085400000, 0x0000000085500000|  0%| F|  |TAMS 0x0000000085400000, 0x0000000085400000| Untracked 
|  67|0x0000000085500000, 0x0000000085500000, 0x0000000085600000|  0%| F|  |TAMS 0x0000000085500000, 0x0000000085500000| Untracked 
|  68|0x0000000085600000, 0x0000000085600000, 0x0000000085700000|  0%| F|  |TAMS 0x0000000085600000, 0x0000000085600000| Untracked 
|  69|0x0000000085700000, 0x0000000085700000, 0x0000000085800000|  0%| F|  |TAMS 0x0000000085700000, 0x0000000085700000| Untracked 
|  70|0x0000000085800000, 0x0000000085800000, 0x0000000085900000|  0%| F|  |TAMS 0x0000000085800000, 0x0000000085800000| Untracked 
|  71|0x0000000085900000, 0x0000000085900000, 0x0000000085a00000|  0%| F|  |TAMS 0x0000000085900000, 0x0000000085900000| Untracked 
|  72|0x0000000085a00000, 0x0000000085a00000, 0x0000000085b00000|  0%| F|  |TAMS 0x0000000085a00000, 0x0000000085a00000| Untracked 
|  73|0x0000000085b00000, 0x0000000085b00000, 0x0000000085c00000|  0%| F|  |TAMS 0x0000000085b00000, 0x0000000085b00000| Untracked 
|  74|0x0000000085c00000, 0x0000000085c00000, 0x0000000085d00000|  0%| F|  |TAMS 0x0000000085c00000, 0x0000000085c00000| Untracked 
|  75|0x0000000085d00000, 0x0000000085d00000, 0x0000000085e00000|  0%| F|  |TAMS 0x0000000085d00000, 0x0000000085d00000| Untracked 
|  76|0x0000000085e00000, 0x0000000085e00000, 0x0000000085f00000|  0%| F|  |TAMS 0x0000000085e00000, 0x0000000085e00000| Untracked 
|  77|0x0000000085f00000, 0x0000000085f00000, 0x0000000086000000|  0%| F|  |TAMS 0x0000000085f00000, 0x0000000085f00000| Untracked 
|  78|0x0000000086000000, 0x0000000086000000, 0x0000000086100000|  0%| F|  |TAMS 0x0000000086000000, 0x0000000086000000| Untracked 
|  79|0x0000000086100000, 0x0000000086100000, 0x0000000086200000|  0%| F|  |TAMS 0x0000000086100000, 0x0000000086100000| Untracked 
|  80|0x0000000086200000, 0x0000000086200000, 0x0000000086300000|  0%| F|  |TAMS 0x0000000086200000, 0x0000000086200000| Untracked 
|  81|0x0000000086300000, 0x0000000086300000, 0x0000000086400000|  0%| F|  |TAMS 0x0000000086300000, 0x0000000086300000| Untracked 
|  82|0x0000000086400000, 0x0000000086400000, 0x0000000086500000|  0%| F|  |TAMS 0x0000000086400000, 0x0000000086400000| Untracked 
|  83|0x0000000086500000, 0x0000000086500000, 0x0000000086600000|  0%| F|  |TAMS 0x0000000086500000, 0x0000000086500000| Untracked 
|  84|0x0000000086600000, 0x0000000086700000, 0x0000000086700000|100%| E|  |TAMS 0x0000000086600000, 0x0000000086600000| Complete 
|  85|0x0000000086700000, 0x0000000086800000, 0x0000000086800000|100%| E|CS|TAMS 0x0000000086700000, 0x0000000086700000| Complete 
|  86|0x0000000086800000, 0x0000000086900000, 0x0000000086900000|100%| E|CS|TAMS 0x0000000086800000, 0x0000000086800000| Complete 
|  87|0x0000000086900000, 0x0000000086a00000, 0x0000000086a00000|100%| E|CS|TAMS 0x0000000086900000, 0x0000000086900000| Complete 
|  88|0x0000000086a00000, 0x0000000086b00000, 0x0000000086b00000|100%| E|CS|TAMS 0x0000000086a00000, 0x0000000086a00000| Complete 
|  89|0x0000000086b00000, 0x0000000086c00000, 0x0000000086c00000|100%| E|CS|TAMS 0x0000000086b00000, 0x0000000086b00000| Complete 
|  90|0x0000000086c00000, 0x0000000086d00000, 0x0000000086d00000|100%| E|CS|TAMS 0x0000000086c00000, 0x0000000086c00000| Complete 
|  91|0x0000000086d00000, 0x0000000086e00000, 0x0000000086e00000|100%| E|CS|TAMS 0x0000000086d00000, 0x0000000086d00000| Complete 
|  92|0x0000000086e00000, 0x0000000086f00000, 0x0000000086f00000|100%| E|CS|TAMS 0x0000000086e00000, 0x0000000086e00000| Complete 
|  93|0x0000000086f00000, 0x0000000087000000, 0x0000000087000000|100%| E|CS|TAMS 0x0000000086f00000, 0x0000000086f00000| Complete 
|  94|0x0000000087000000, 0x0000000087100000, 0x0000000087100000|100%| E|CS|TAMS 0x0000000087000000, 0x0000000087000000| Complete 
|  95|0x0000000087100000, 0x0000000087200000, 0x0000000087200000|100%| E|CS|TAMS 0x0000000087100000, 0x0000000087100000| Complete 
|  96|0x0000000087200000, 0x0000000087300000, 0x0000000087300000|100%| E|CS|TAMS 0x0000000087200000, 0x0000000087200000| Complete 
|  97|0x0000000087300000, 0x0000000087400000, 0x0000000087400000|100%| E|CS|TAMS 0x0000000087300000, 0x0000000087300000| Complete 
|  98|0x0000000087400000, 0x0000000087500000, 0x0000000087500000|100%| E|CS|TAMS 0x0000000087400000, 0x0000000087400000| Complete 
|  99|0x0000000087500000, 0x0000000087600000, 0x0000000087600000|100%| E|CS|TAMS 0x0000000087500000, 0x0000000087500000| Complete 
| 100|0x0000000087600000, 0x0000000087700000, 0x0000000087700000|100%| E|CS|TAMS 0x0000000087600000, 0x0000000087600000| Complete 
| 101|0x0000000087700000, 0x0000000087800000, 0x0000000087800000|100%| E|CS|TAMS 0x0000000087700000, 0x0000000087700000| Complete 
| 102|0x0000000087800000, 0x0000000087900000, 0x0000000087900000|100%| E|CS|TAMS 0x0000000087800000, 0x0000000087800000| Complete 
| 103|0x0000000087900000, 0x0000000087a00000, 0x0000000087a00000|100%| E|CS|TAMS 0x0000000087900000, 0x0000000087900000| Complete 
| 104|0x0000000087a00000, 0x0000000087b00000, 0x0000000087b00000|100%| E|CS|TAMS 0x0000000087a00000, 0x0000000087a00000| Complete 
| 105|0x0000000087b00000, 0x0000000087c00000, 0x0000000087c00000|100%| E|CS|TAMS 0x0000000087b00000, 0x0000000087b00000| Complete 
| 106|0x0000000087c00000, 0x0000000087d00000, 0x0000000087d00000|100%| E|CS|TAMS 0x0000000087c00000, 0x0000000087c00000| Complete 
| 107|0x0000000087d00000, 0x0000000087e00000, 0x0000000087e00000|100%| E|CS|TAMS 0x0000000087d00000, 0x0000000087d00000| Complete 
| 108|0x0000000087e00000, 0x0000000087f00000, 0x0000000087f00000|100%| E|CS|TAMS 0x0000000087e00000, 0x0000000087e00000| Complete 
| 109|0x0000000087f00000, 0x0000000088000000, 0x0000000088000000|100%| E|CS|TAMS 0x0000000087f00000, 0x0000000087f00000| Complete 
| 110|0x0000000088000000, 0x0000000088100000, 0x0000000088100000|100%| E|CS|TAMS 0x0000000088000000, 0x0000000088000000| Complete 
| 111|0x0000000088100000, 0x0000000088200000, 0x0000000088200000|100%| E|CS|TAMS 0x0000000088100000, 0x0000000088100000| Complete 
| 112|0x0000000088200000, 0x0000000088300000, 0x0000000088300000|100%| S|CS|TAMS 0x0000000088200000, 0x0000000088200000| Complete 
| 113|0x0000000088300000, 0x0000000088400000, 0x0000000088400000|100%| S|CS|TAMS 0x0000000088300000, 0x0000000088300000| Complete 
| 114|0x0000000088400000, 0x0000000088500000, 0x0000000088500000|100%| E|CS|TAMS 0x0000000088400000, 0x0000000088400000| Complete 
| 115|0x0000000088500000, 0x0000000088600000, 0x0000000088600000|100%| E|CS|TAMS 0x0000000088500000, 0x0000000088500000| Complete 
| 116|0x0000000088600000, 0x0000000088700000, 0x0000000088700000|100%| E|CS|TAMS 0x0000000088600000, 0x0000000088600000| Complete 
| 117|0x0000000088700000, 0x0000000088800000, 0x0000000088800000|100%| E|CS|TAMS 0x0000000088700000, 0x0000000088700000| Complete 
| 118|0x0000000088800000, 0x0000000088900000, 0x0000000088900000|100%| E|CS|TAMS 0x0000000088800000, 0x0000000088800000| Complete 
| 119|0x0000000088900000, 0x0000000088a00000, 0x0000000088a00000|100%| E|CS|TAMS 0x0000000088900000, 0x0000000088900000| Complete 
| 120|0x0000000088a00000, 0x0000000088b00000, 0x0000000088b00000|100%| E|CS|TAMS 0x0000000088a00000, 0x0000000088a00000| Complete 
| 121|0x0000000088b00000, 0x0000000088c00000, 0x0000000088c00000|100%| E|CS|TAMS 0x0000000088b00000, 0x0000000088b00000| Complete 
| 122|0x0000000088c00000, 0x0000000088d00000, 0x0000000088d00000|100%| E|CS|TAMS 0x0000000088c00000, 0x0000000088c00000| Complete 
| 123|0x0000000088d00000, 0x0000000088e00000, 0x0000000088e00000|100%| E|CS|TAMS 0x0000000088d00000, 0x0000000088d00000| Complete 
| 124|0x0000000088e00000, 0x0000000088f00000, 0x0000000088f00000|100%| E|CS|TAMS 0x0000000088e00000, 0x0000000088e00000| Complete 
| 125|0x0000000088f00000, 0x0000000089000000, 0x0000000089000000|100%| E|CS|TAMS 0x0000000088f00000, 0x0000000088f00000| Complete 
| 126|0x0000000089000000, 0x0000000089100000, 0x0000000089100000|100%| E|CS|TAMS 0x0000000089000000, 0x0000000089000000| Complete 
| 127|0x0000000089100000, 0x0000000089200000, 0x0000000089200000|100%| E|CS|TAMS 0x0000000089100000, 0x0000000089100000| Complete 

Card table byte_map: [0x000001447bdf0000,0x000001447c1f0000] _byte_map_base: 0x000001447b9e7000

Marking Bits (Prev, Next): (CMBitMap*) 0x000001447b948a68, (CMBitMap*) 0x000001447b948aa0
 Prev Bits: [0x000001447c5f0000, 0x000001447e5a8000)
 Next Bits: [0x00000144173e0000, 0x0000014419398000)

Polling page: 0x0000014479890000

Metaspace:

Usage:
  Non-class:     18.29 MB capacity,    17.93 MB ( 98%) used,   304.67 KB (  2%) free+waste,    57.88 KB ( <1%) overhead. 
      Class:      2.32 MB capacity,     2.13 MB ( 92%) used,   170.34 KB (  7%) free+waste,    27.13 KB (  1%) overhead. 
       Both:     20.61 MB capacity,    20.06 MB ( 97%) used,   475.01 KB (  2%) free+waste,    85.00 KB ( <1%) overhead. 

Virtual space:
  Non-class space:       20.00 MB reserved,      18.42 MB ( 92%) committed 
      Class space:        1.00 GB reserved,       2.38 MB ( <1%) committed 
             Both:        1.02 GB reserved,      20.80 MB (  2%) committed 

Chunk freelists:
   Non-Class:  3.38 KB
       Class:  0 bytes
        Both:  3.38 KB

CodeHeap 'non-profiled nmethods': size=120064Kb used=680Kb max_used=680Kb free=119383Kb
 bounds [0x000001440fea0000, 0x0000014410110000, 0x00000144173e0000]
CodeHeap 'profiled nmethods': size=120000Kb used=3819Kb max_used=3819Kb free=116180Kb
 bounds [0x0000014408970000, 0x0000014408d30000, 0x000001440fea0000]
CodeHeap 'non-nmethods': size=5696Kb used=1223Kb max_used=1238Kb free=4472Kb
 bounds [0x00000144083e0000, 0x0000014408650000, 0x0000014408970000]
 total_blobs=2410 nmethods=1941 adapters=388
 compilation: enabled
              stopped_count=0, restarted_count=0
 full_count=0

Compilation events (10 events):
Event: 8.573 Thread 0x000001447eac5000 1928       4       java.util.jar.JarFile$1::<init> (10 bytes)
Event: 8.575 Thread 0x000001447eac5000 nmethod 1928 0x000001440ff49990 code [0x000001440ff49b20, 0x000001440ff49c58]
Event: 8.575 Thread 0x000001447ead4000 1938       3       java.util.HashMap$EntrySpliterator::forEachRemaining (183 bytes)
Event: 8.577 Thread 0x000001447ead4000 nmethod 1938 0x0000014408d28510 code [0x0000014408d28740, 0x0000014408d28f48]
Event: 8.920 Thread 0x000001447ead4000 1939       3       java.util.Formatter$FormatSpecifier::print (238 bytes)
Event: 8.921 Thread 0x000001447ead4000 nmethod 1939 0x0000014408d29290 code [0x0000014408d29520, 0x0000014408d29ec8]
Event: 8.921 Thread 0x000001447ead4000 1940       3       java.util.Formatter$FormatSpecifier::appendJustified (91 bytes)
Event: 8.921 Thread 0x000001447ead4000 nmethod 1940 0x0000014408d2a190 code [0x0000014408d2a3c0, 0x0000014408d2ab48]
Event: 8.967 Thread 0x000001447eac5000 1941       4       java.lang.String::<init> (15 bytes)
Event: 8.969 Thread 0x000001447eac5000 nmethod 1941 0x000001440ff49d10 code [0x000001440ff49ea0, 0x000001440ff49fd8]

GC Heap History (2 events):
Event: 2.149 GC heap before
{Heap before GC invocations=0 (full 0):
 garbage-first heap   total 131072K, used 14336K [0x0000000081200000, 0x0000000100000000)
  region size 1024K, 14 young (14336K), 0 survivors (0K)
 Metaspace       used 11506K, capacity 11749K, committed 12032K, reserved 1060864K
  class space    used 1133K, capacity 1195K, committed 1280K, reserved 1048576K
}
Event: 2.154 GC heap after
{Heap after GC invocations=1 (full 0):
 garbage-first heap   total 131072K, used 2850K [0x0000000081200000, 0x0000000100000000)
  region size 1024K, 2 young (2048K), 2 survivors (2048K)
 Metaspace       used 11506K, capacity 11749K, committed 12032K, reserved 1060864K
  class space    used 1133K, capacity 1195K, committed 1280K, reserved 1048576K
}

Deoptimization events (10 events):
Event: 2.990 Thread 0x000001447b908000 Uncommon trap: reason=unstable_if action=reinterpret pc=0x000001440feee8a4 method=java.io.ByteArrayInputStream.read([BII)I @ 35 c2
Event: 3.191 Thread 0x000001447ff5a800 Uncommon trap: reason=unstable_if action=reinterpret pc=0x000001440fee0560 method=java.lang.CharacterDataLatin1.digit(II)I @ 12 c2
Event: 3.535 Thread 0x000001447b908000 Uncommon trap: reason=unstable_if action=reinterpret pc=0x000001440ff12120 method=java.util.regex.Pattern$BmpCharProperty.match(Ljava/util/regex/Matcher;ILjava/lang/CharSequence;)Z @ 5 c2
Event: 3.687 Thread 0x000001447b908000 Uncommon trap: reason=unstable_if action=reinterpret pc=0x000001440ff07878 method=java.util.jar.JarFile.checkForSpecialAttributes()V @ 4 c2
Event: 4.581 Thread 0x000001447b908000 Uncommon trap: reason=class_check action=maybe_recompile pc=0x000001440ff262bc method=org.openqa.selenium.json.Input.init()V @ 18 c2
Event: 4.581 Thread 0x000001447b908000 Uncommon trap: reason=class_check action=maybe_recompile pc=0x000001440ff262bc method=org.openqa.selenium.json.Input.init()V @ 18 c2
Event: 4.581 Thread 0x000001447b908000 Uncommon trap: reason=class_check action=maybe_recompile pc=0x000001440ff262bc method=org.openqa.selenium.json.Input.init()V @ 18 c2
Event: 4.581 Thread 0x000001447b908000 Uncommon trap: reason=class_check action=maybe_recompile pc=0x000001440ff262bc method=org.openqa.selenium.json.Input.init()V @ 18 c2
Event: 6.166 Thread 0x000001447b908000 Uncommon trap: reason=unstable_if action=reinterpret pc=0x000001440ff09f80 method=java.io.WinNTFileSystem.normalize(Ljava/lang/String;)Ljava/lang/String; @ 40 c2
Event: 6.168 Thread 0x000001447b908000 Uncommon trap: reason=unstable_if action=reinterpret pc=0x000001440ff07b14 method=java.util.jar.JarFile.checkForSpecialAttributes()V @ 4 c2

Classes redefined (4 events):
Event: 1281.050 Thread 0x000001447ea82000 redefined class name=Catalog.MethodsForCatalog, count=1
Event: 1281.059 Thread 0x000001447ea82000 redefined class name=Catalog.Catalog, count=2
Event: 1758.945 Thread 0x000001447ea82000 redefined class name=Catalog.MethodsForCatalog, count=2
Event: 1758.952 Thread 0x000001447ea82000 redefined class name=Catalog.Catalog, count=4

Internal exceptions (10 events):
Event: 7.140 Thread 0x000001447b908000 Exception <a 'java/net/SocketTimeoutException'{0x0000000086d2da38}: Read timed out> (0x0000000086d2da38) thrown at [./open/src/hotspot/share/prims/jni.cpp, line 632]
Event: 7.188 Thread 0x000001447b908000 Exception <a 'java/net/SocketTimeoutException'{0x0000000086a7c158}: Read timed out> (0x0000000086a7c158) thrown at [./open/src/hotspot/share/prims/jni.cpp, line 632]
Event: 7.316 Thread 0x000001447b908000 Exception <a 'java/net/SocketTimeoutException'{0x0000000086a983c8}: Read timed out> (0x0000000086a983c8) thrown at [./open/src/hotspot/share/prims/jni.cpp, line 632]
Event: 7.363 Thread 0x000001447b908000 Exception <a 'java/net/SocketTimeoutException'{0x0000000086aaf688}: Read timed out> (0x0000000086aaf688) thrown at [./open/src/hotspot/share/prims/jni.cpp, line 632]
Event: 8.550 Thread 0x000001447b908000 Exception <a 'java/net/SocketTimeoutException'{0x0000000086ac06e8}: Read timed out> (0x0000000086ac06e8) thrown at [./open/src/hotspot/share/prims/jni.cpp, line 632]
Event: 8.582 Thread 0x000001447b908000 Exception <a 'java/net/SocketTimeoutException'{0x000000008660ce00}: Read timed out> (0x000000008660ce00) thrown at [./open/src/hotspot/share/prims/jni.cpp, line 632]
Event: 9.952 Thread 0x000001447b908000 Exception <a 'java/net/SocketTimeoutException'{0x000000008661fc18}: Read timed out> (0x000000008661fc18) thrown at [./open/src/hotspot/share/prims/jni.cpp, line 632]
Event: 10.013 Thread 0x000001447b908000 Exception <a 'java/net/SocketTimeoutException'{0x000000008663a6c8}: Read timed out> (0x000000008663a6c8) thrown at [./open/src/hotspot/share/prims/jni.cpp, line 632]
Event: 10.892 Thread 0x000001447b908000 Exception <a 'java/net/SocketTimeoutException'{0x000000008664d590}: Read timed out> (0x000000008664d590) thrown at [./open/src/hotspot/share/prims/jni.cpp, line 632]
Event: 10.953 Thread 0x000001447b908000 Exception <a 'java/net/SocketTimeoutException'{0x0000000086664be8}: Read timed out> (0x0000000086664be8) thrown at [./open/src/hotspot/share/prims/jni.cpp, line 632]

Events (10 events):
Event: 1760.233 Executing VM operation: ChangeBreakpoints
Event: 1760.233 Executing VM operation: ChangeBreakpoints done
Event: 1760.234 Executing VM operation: ChangeBreakpoints
Event: 1760.235 Executing VM operation: ChangeBreakpoints done
Event: 1760.244 Executing VM operation: ChangeBreakpoints
Event: 1760.244 Executing VM operation: ChangeBreakpoints done
Event: 1760.245 Executing VM operation: ChangeBreakpoints
Event: 1760.246 Executing VM operation: ChangeBreakpoints done
Event: 1760.255 Executing VM operation: ChangeBreakpoints
Event: 1760.257 Executing VM operation: ChangeBreakpoints done


Dynamic libraries:
0x00007ff7acfc0000 - 0x00007ff7acfcf000 	C:\automation\Java\jdk-11.0.12\bin\java.exe
0x00007fff0bd90000 - 0x00007fff0bf85000 	C:\WINDOWS\SYSTEM32\ntdll.dll
0x00007fff09ef0000 - 0x00007fff09fae000 	C:\WINDOWS\System32\KERNEL32.DLL
0x00007fff09850000 - 0x00007fff09b19000 	C:\WINDOWS\System32\KERNELBASE.dll
0x00007fff09650000 - 0x00007fff09750000 	C:\WINDOWS\System32\ucrtbase.dll
0x00007ffef6b60000 - 0x00007ffef6b75000 	C:\automation\Java\jdk-11.0.12\bin\VCRUNTIME140.dll
0x00007ffef6e30000 - 0x00007ffef6e48000 	C:\automation\Java\jdk-11.0.12\bin\jli.dll
0x00007fff0a030000 - 0x00007fff0a0dc000 	C:\WINDOWS\System32\ADVAPI32.dll
0x00007fff0a560000 - 0x00007fff0a5fe000 	C:\WINDOWS\System32\msvcrt.dll
0x00007fff0a210000 - 0x00007fff0a2ab000 	C:\WINDOWS\System32\sechost.dll
0x00007fff0a3d0000 - 0x00007fff0a4fa000 	C:\WINDOWS\System32\RPCRT4.dll
0x00007fff0b990000 - 0x00007fff0bb31000 	C:\WINDOWS\System32\USER32.dll
0x00007fff09620000 - 0x00007fff09642000 	C:\WINDOWS\System32\win32u.dll
0x00007fff0bd20000 - 0x00007fff0bd4b000 	C:\WINDOWS\System32\GDI32.dll
0x00007fff09510000 - 0x00007fff0961b000 	C:\WINDOWS\System32\gdi32full.dll
0x00007ffef3ef0000 - 0x00007ffef418a000 	C:\WINDOWS\WinSxS\amd64_microsoft.windows.common-controls_6595b64144ccf1df_6.0.19041.1110_none_60b5254171f9507e\COMCTL32.dll
0x00007fff09b20000 - 0x00007fff09bbd000 	C:\WINDOWS\System32\msvcp_win.dll
0x00007fff01cc0000 - 0x00007fff01cca000 	C:\WINDOWS\SYSTEM32\VERSION.dll
0x00007fff0bcf0000 - 0x00007fff0bd20000 	C:\WINDOWS\System32\IMM32.DLL
0x00007ffee23d0000 - 0x00007ffee246b000 	C:\automation\Java\jdk-11.0.12\bin\msvcp140.dll
0x00007ffec8240000 - 0x00007ffec8d3f000 	C:\automation\Java\jdk-11.0.12\bin\server\jvm.dll
0x00007fff09ed0000 - 0x00007fff09ed8000 	C:\WINDOWS\System32\PSAPI.DLL
0x00007fff050c0000 - 0x00007fff050c9000 	C:\WINDOWS\SYSTEM32\WSOCK32.dll
0x00007ffef7830000 - 0x00007ffef7857000 	C:\WINDOWS\SYSTEM32\WINMM.dll
0x00007fff0a750000 - 0x00007fff0a7bb000 	C:\WINDOWS\System32\WS2_32.dll
0x00007fff073d0000 - 0x00007fff073e2000 	C:\WINDOWS\SYSTEM32\kernel.appcore.dll
0x00007ffef6e20000 - 0x00007ffef6e30000 	C:\automation\Java\jdk-11.0.12\bin\verify.dll
0x00007ffef8f80000 - 0x00007ffef9164000 	C:\WINDOWS\SYSTEM32\DBGHELP.DLL
0x00007ffef8f50000 - 0x00007ffef8f7c000 	C:\WINDOWS\SYSTEM32\dbgcore.DLL
0x00007fff09d20000 - 0x00007fff09da3000 	C:\WINDOWS\System32\bcryptPrimitives.dll
0x00007ffef2420000 - 0x00007ffef2448000 	C:\automation\Java\jdk-11.0.12\bin\java.dll
0x00007ffef6c70000 - 0x00007ffef6c7a000 	C:\automation\Java\jdk-11.0.12\bin\jimage.dll
0x00007ffef6f50000 - 0x00007ffef6f88000 	C:\automation\Java\jdk-11.0.12\bin\jdwp.dll
0x00007ffef6f40000 - 0x00007ffef6f4e000 	C:\automation\Java\jdk-11.0.12\bin\instrument.dll
0x00007ffef6b40000 - 0x00007ffef6b56000 	C:\automation\Java\jdk-11.0.12\bin\zip.dll
0x00007fff0b240000 - 0x00007fff0b97f000 	C:\WINDOWS\System32\SHELL32.dll
0x00007fff075d0000 - 0x00007fff07d60000 	C:\WINDOWS\SYSTEM32\windows.storage.dll
0x00007fff0ad50000 - 0x00007fff0b0a5000 	C:\WINDOWS\System32\combase.dll
0x00007fff08f00000 - 0x00007fff08f2c000 	C:\WINDOWS\SYSTEM32\Wldp.dll
0x00007fff0b190000 - 0x00007fff0b23d000 	C:\WINDOWS\System32\SHCORE.dll
0x00007fff0a7c0000 - 0x00007fff0a815000 	C:\WINDOWS\System32\shlwapi.dll
0x00007fff093f0000 - 0x00007fff0940f000 	C:\WINDOWS\SYSTEM32\profapi.dll
0x00007ffef6f30000 - 0x00007ffef6f3a000 	C:\automation\Java\jdk-11.0.12\bin\dt_socket.dll
0x00007fff08bf0000 - 0x00007fff08c5a000 	C:\WINDOWS\system32\mswsock.dll
0x00007ffef34d0000 - 0x00007ffef34e9000 	C:\automation\Java\jdk-11.0.12\bin\net.dll
0x00007ffefc300000 - 0x00007ffefc408000 	C:\WINDOWS\SYSTEM32\WINHTTP.dll
0x00007ffef3070000 - 0x00007ffef3082000 	C:\automation\Java\jdk-11.0.12\bin\nio.dll
0x00007fff08920000 - 0x00007fff089ec000 	C:\WINDOWS\SYSTEM32\DNSAPI.dll
0x00007fff088e0000 - 0x00007fff0891b000 	C:\WINDOWS\SYSTEM32\IPHLPAPI.DLL
0x00007fff0b980000 - 0x00007fff0b988000 	C:\WINDOWS\System32\NSI.dll
0x00007ffefb820000 - 0x00007ffefb82a000 	C:\Windows\System32\rasadhlp.dll
0x00007ffefba80000 - 0x00007ffefbaff000 	C:\WINDOWS\System32\fwpuclnt.dll
0x00007fff09db0000 - 0x00007fff09dd7000 	C:\WINDOWS\System32\bcrypt.dll
0x00007ffef6f20000 - 0x00007ffef6f2d000 	C:\automation\Java\jdk-11.0.12\bin\sunmscapi.dll
0x00007fff09bc0000 - 0x00007fff09d16000 	C:\WINDOWS\System32\CRYPT32.dll
0x00007fff08f70000 - 0x00007fff08f97000 	C:\WINDOWS\SYSTEM32\ncrypt.dll
0x00007fff08f30000 - 0x00007fff08f6b000 	C:\WINDOWS\SYSTEM32\NTASN1.dll
0x00007ffef6ef0000 - 0x00007ffef6f15000 	C:\automation\Java\jdk-11.0.12\bin\sunec.dll
0x00007fff08e50000 - 0x00007fff08e68000 	C:\WINDOWS\SYSTEM32\CRYPTSP.dll
0x00007fff08510000 - 0x00007fff08544000 	C:\WINDOWS\system32\rsaenh.dll
0x00007fff09370000 - 0x00007fff0939e000 	C:\WINDOWS\SYSTEM32\USERENV.dll
0x00007fff08e70000 - 0x00007fff08e7c000 	C:\WINDOWS\SYSTEM32\CRYPTBASE.dll
0x00007ffefcfd0000 - 0x00007ffefcfe7000 	C:\WINDOWS\SYSTEM32\dhcpcsvc6.DLL
0x00007fff00c50000 - 0x00007fff00c6d000 	C:\WINDOWS\SYSTEM32\dhcpcsvc.DLL

dbghelp: loaded successfully - version: 4.0.5 - missing functions: none
symbol engine: initialized successfully - sym options: 0x614 - pdb path: .;C:\automation\Java\jdk-11.0.12\bin;C:\WINDOWS\SYSTEM32;C:\WINDOWS\WinSxS\amd64_microsoft.windows.common-controls_6595b64144ccf1df_6.0.19041.1110_none_60b5254171f9507e;C:\automation\Java\jdk-11.0.12\bin\server

VM Arguments:
jvm_args: -agentlib:jdwp=transport=dt_socket,address=127.0.0.1:55339,suspend=y,server=n -ea -Didea.test.cyclic.buffer.size=1048576 -javaagent:C:\Users\SotBit\AppData\Local\JetBrains\IdeaIC2021.2\captureAgent\debugger-agent.jar -Dfile.encoding=UTF-8 
java_command: com.intellij.rt.junit.JUnitStarter -ideVersion5 -junit4 Catalog.Catalog,circle
java_class_path (initial): C:\automation\IntelliJ IDEA Community Edition 2021.2\lib\idea_rt.jar;C:\automation\IntelliJ IDEA Community Edition 2021.2\plugins\junit\lib\junit5-rt.jar;C:\automation\IntelliJ IDEA Community Edition 2021.2\plugins\junit\lib\junit-rt.jar;C:\Users\SotBit\Desktop\разное\AutomationTests\b2b\b2bProject\target\test-classes;C:\Users\SotBit\.m2\repository\junit\junit\4.13\junit-4.13.jar;C:\Users\SotBit\.m2\repository\org\hamcrest\hamcrest-core\1.3\hamcrest-core-1.3.jar;C:\Users\SotBit\.m2\repository\org\seleniumhq\selenium\selenium-java\3.141.59\selenium-java-3.141.59.jar;C:\Users\SotBit\.m2\repository\org\seleniumhq\selenium\selenium-api\3.141.59\selenium-api-3.141.59.jar;C:\Users\SotBit\.m2\repository\org\seleniumhq\selenium\selenium-chrome-driver\3.141.59\selenium-chrome-driver-3.141.59.jar;C:\Users\SotBit\.m2\repository\org\seleniumhq\selenium\selenium-edge-driver\3.141.59\selenium-edge-driver-3.141.59.jar;C:\Users\SotBit\.m2\repository\org\seleniumhq\selenium\selenium-firefox-driver\3.141.59\selenium-firefox-driver-3.141.59.jar;C:\Users\SotBit\.m2\repository\org\seleniumhq\selenium\selenium-ie-driver\3.141.59\selenium-ie-driver-3.141.59.jar;C:\Users\SotBit\.m2\repository\org\seleniumhq\selenium\selenium-opera-driver\3.141.59\selenium-opera-driver-3.141.59.jar;C:\Users\SotBit\.m2\repository\org\seleniumhq\selenium\selenium-remote-driver\3.141.59\selenium-remote-driver-3.141.59.jar;C:\Users\SotBit\.m2\repository\org\seleniumhq\selenium\selenium-safari-driver\3.141.59\selenium-safari-driver-3.141.59.jar;C:\Users\SotBit\.m2\repository\org\seleniumhq\selenium\selenium-support\3.141.59\selenium-support-3.141.59.jar;C:\Users\SotBit\.m2\repository\net\bytebuddy\byte-buddy\1.8.15\byte-buddy-1.8.15.jar;C:\Users\SotBit\.m2\repository\org\apache\commons\commons-exec\1.3\commons-exec-1.3.jar;C:\Users\SotBit\.m2\repository\com\google\guava\guava\25.0-jre\guava-25.0-jre.jar;C:\Users\SotBit\.m2\repository\com\google\code\findbugs\jsr305\1.3.9\jsr305-1.3.9
Launcher Type: SUN_STANDARD

[Global flags]
     intx CICompilerCount                          = 3                                         {product} {ergonomic}
     uint ConcGCThreads                            = 1                                         {product} {ergonomic}
     uint G1ConcRefinementThreads                  = 4                                         {product} {ergonomic}
   size_t G1HeapRegionSize                         = 1048576                                   {product} {ergonomic}
    uintx GCDrainStackTargetSize                   = 64                                        {product} {ergonomic}
   size_t InitialHeapSize                          = 134217728                                 {product} {ergonomic}
   size_t MarkStackSize                            = 4194304                                   {product} {ergonomic}
   size_t MaxHeapSize                              = 2128609280                                {product} {ergonomic}
   size_t MaxNewSize                               = 1277165568                                {product} {ergonomic}
   size_t MinHeapDeltaBytes                        = 1048576                                   {product} {ergonomic}
    uintx NonNMethodCodeHeapSize                   = 5830732                                {pd product} {ergonomic}
    uintx NonProfiledCodeHeapSize                  = 122913754                              {pd product} {ergonomic}
    uintx ProfiledCodeHeapSize                     = 122913754                              {pd product} {ergonomic}
    uintx ReservedCodeCacheSize                    = 251658240                              {pd product} {ergonomic}
     bool SegmentedCodeCache                       = true                                      {product} {ergonomic}
     bool UseCompressedClassPointers               = true                                 {lp64_product} {ergonomic}
     bool UseCompressedOops                        = true                                 {lp64_product} {ergonomic}
     bool UseG1GC                                  = true                                      {product} {ergonomic}
     bool UseLargePagesIndividualAllocation        = false                                  {pd product} {ergonomic}

Logging:
Log output configuration:
 #0: stdout all=warning uptime,level,tags
 #1: stderr all=off uptime,level,tags

Environment Variables:
JAVA_HOME=C:\automation\Java\jdk-11.0.12
PATH=C:\Program Files\Common Files\Oracle\Java\javapath;C:\WINDOWS\system32;C:\WINDOWS;C:\WINDOWS\System32\Wbem;C:\WINDOWS\System32\WindowsPowerShell\v1.0\;C:\WINDOWS\System32\OpenSSH\;C:\automation\apache-maven-3.8.2\bin;C:\automation\Java\jdk-11.0.12\bin;C:\automation\WebDrivers;C:\automation\Git\cmd;C:\Users\SotBit\AppData\Local\Microsoft\WindowsApps;C:\Users\SotBit\AppData\Local\Programs\Microsoft VS Code\bin
USERNAME=SotBit
OS=Windows_NT
PROCESSOR_IDENTIFIER=Intel64 Family 6 Model 158 Stepping 9, GenuineIntel



---------------  S Y S T E M  ---------------

OS: Windows 10 , 64 bit Build 19041 (10.0.19041.1202)

CPU:total 4 (initial active 4) (2 cores per cpu, 2 threads per core) family 6 model 158 stepping 9 microcode 0xb4, cmov, cx8, fxsr, mmx, sse, sse2, sse3, ssse3, sse4.1, sse4.2, popcnt, avx, avx2, aes, clmul, erms, 3dnowpref, lzcnt, ht, tsc, tscinvbit, bmi1, bmi2, adx, fma

Memory: 4k page, system-wide physical 8117M (1250M free)
TotalPageFile size 12065M (AvailPageFile size 1805M)
current process WorkingSet (physical memory assigned to process): 100M, peak: 108M
current process commit charge ("private bytes"): 221M, peak: 225M

vm_info: Java HotSpot(TM) 64-Bit Server VM (11.0.12+8-LTS-237) for windows-amd64 JRE (11.0.12+8-LTS-237), built on Jun  8 2021 11:25:59 by "mach5one" with MS VC++ 15.9 (VS2017)

END.
